ERROR - 2023-08-29 10:43:58 --> Severity: Warning --> mysqli::real_connect(): Error while reading greeting packet. PID=192 C:\noSync\Sites\php\Dr-systems\Drsystems-APP\system\database\drivers\mysqli\mysqli_driver.php 201
ERROR - 2023-08-29 10:43:58 --> Severity: error --> Exception: MySQL server has gone away C:\noSync\Sites\php\Dr-systems\Drsystems-APP\system\database\drivers\mysqli\mysqli_driver.php 201
ERROR - 2023-08-29 10:43:58 --> Severity: Warning --> include(C:\noSync\Sites\php\Dr-systems\Drsystems-APP\application\views\errors\html\error_exception.php): Failed to open stream: No such file or directory C:\noSync\Sites\php\Dr-systems\Drsystems-APP\system\core\Exceptions.php 221
ERROR - 2023-08-29 10:43:58 --> Severity: Warning --> include(): Failed opening 'C:\noSync\Sites\php\Dr-systems\Drsystems-APP\application\views\errors\html\error_exception.php' for inclusion (include_path='C:\xampp\php\PEAR') C:\noSync\Sites\php\Dr-systems\Drsystems-APP\system\core\Exceptions.php 221
ERROR - 2023-08-29 10:56:47 --> Severity: Warning --> mysqli::real_connect(): Error while reading greeting packet. PID=192 C:\noSync\Sites\php\Dr-systems\Drsystems-APP\system\database\drivers\mysqli\mysqli_driver.php 201
ERROR - 2023-08-29 10:56:47 --> Severity: error --> Exception: MySQL server has gone away C:\noSync\Sites\php\Dr-systems\Drsystems-APP\system\database\drivers\mysqli\mysqli_driver.php 201
ERROR - 2023-08-29 10:56:47 --> Severity: Warning --> include(C:\noSync\Sites\php\Dr-systems\Drsystems-APP\application\views\errors\html\error_exception.php): Failed to open stream: No such file or directory C:\noSync\Sites\php\Dr-systems\Drsystems-APP\system\core\Exceptions.php 221
ERROR - 2023-08-29 10:56:47 --> Severity: Warning --> include(): Failed opening 'C:\noSync\Sites\php\Dr-systems\Drsystems-APP\application\views\errors\html\error_exception.php' for inclusion (include_path='C:\xampp\php\PEAR') C:\noSync\Sites\php\Dr-systems\Drsystems-APP\system\core\Exceptions.php 221
ERROR - 2023-08-29 11:00:31 --> Severity: Warning --> mysqli::real_connect(): Error while reading greeting packet. PID=192 C:\noSync\Sites\php\Dr-systems\Drsystems-APP\system\database\drivers\mysqli\mysqli_driver.php 201
ERROR - 2023-08-29 11:00:31 --> Severity: error --> Exception: MySQL server has gone away C:\noSync\Sites\php\Dr-systems\Drsystems-APP\system\database\drivers\mysqli\mysqli_driver.php 201
ERROR - 2023-08-29 11:00:31 --> Severity: Warning --> include(C:\noSync\Sites\php\Dr-systems\Drsystems-APP\application\views\errors\html\error_exception.php): Failed to open stream: No such file or directory C:\noSync\Sites\php\Dr-systems\Drsystems-APP\system\core\Exceptions.php 221
ERROR - 2023-08-29 11:00:31 --> Severity: Warning --> include(): Failed opening 'C:\noSync\Sites\php\Dr-systems\Drsystems-APP\application\views\errors\html\error_exception.php' for inclusion (include_path='C:\xampp\php\PEAR') C:\noSync\Sites\php\Dr-systems\Drsystems-APP\system\core\Exceptions.php 221
ERROR - 2023-08-29 11:04:15 --> Severity: Warning --> mysqli::real_connect(): Error while reading greeting packet. PID=192 C:\noSync\Sites\php\Dr-systems\Drsystems-APP\system\database\drivers\mysqli\mysqli_driver.php 201
ERROR - 2023-08-29 11:04:15 --> Severity: error --> Exception: MySQL server has gone away C:\noSync\Sites\php\Dr-systems\Drsystems-APP\system\database\drivers\mysqli\mysqli_driver.php 201
ERROR - 2023-08-29 11:04:15 --> Severity: Warning --> include(C:\noSync\Sites\php\Dr-systems\Drsystems-APP\application\views\errors\html\error_exception.php): Failed to open stream: No such file or directory C:\noSync\Sites\php\Dr-systems\Drsystems-APP\system\core\Exceptions.php 221
ERROR - 2023-08-29 11:04:15 --> Severity: Warning --> include(): Failed opening 'C:\noSync\Sites\php\Dr-systems\Drsystems-APP\application\views\errors\html\error_exception.php' for inclusion (include_path='C:\xampp\php\PEAR') C:\noSync\Sites\php\Dr-systems\Drsystems-APP\system\core\Exceptions.php 221
ERROR - 2023-08-29 11:07:17 --> Severity: Warning --> mysqli::real_connect(): Error while reading greeting packet. PID=192 C:\noSync\Sites\php\Dr-systems\Drsystems-APP\system\database\drivers\mysqli\mysqli_driver.php 201
ERROR - 2023-08-29 11:07:17 --> Severity: error --> Exception: MySQL server has gone away C:\noSync\Sites\php\Dr-systems\Drsystems-APP\system\database\drivers\mysqli\mysqli_driver.php 201
ERROR - 2023-08-29 11:07:17 --> Severity: Warning --> include(C:\noSync\Sites\php\Dr-systems\Drsystems-APP\application\views\errors\html\error_exception.php): Failed to open stream: No such file or directory C:\noSync\Sites\php\Dr-systems\Drsystems-APP\system\core\Exceptions.php 221
ERROR - 2023-08-29 11:07:17 --> Severity: Warning --> include(): Failed opening 'C:\noSync\Sites\php\Dr-systems\Drsystems-APP\application\views\errors\html\error_exception.php' for inclusion (include_path='C:\xampp\php\PEAR') C:\noSync\Sites\php\Dr-systems\Drsystems-APP\system\core\Exceptions.php 221
ERROR - 2023-08-29 11:11:30 --> Severity: Warning --> mysqli::real_connect(): Error while reading greeting packet. PID=192 C:\noSync\Sites\php\Dr-systems\Drsystems-APP\system\database\drivers\mysqli\mysqli_driver.php 201
ERROR - 2023-08-29 11:11:30 --> Severity: error --> Exception: MySQL server has gone away C:\noSync\Sites\php\Dr-systems\Drsystems-APP\system\database\drivers\mysqli\mysqli_driver.php 201
ERROR - 2023-08-29 11:11:30 --> Severity: Warning --> include(C:\noSync\Sites\php\Dr-systems\Drsystems-APP\application\views\errors\html\error_exception.php): Failed to open stream: No such file or directory C:\noSync\Sites\php\Dr-systems\Drsystems-APP\system\core\Exceptions.php 221
ERROR - 2023-08-29 11:11:30 --> Severity: Warning --> include(): Failed opening 'C:\noSync\Sites\php\Dr-systems\Drsystems-APP\application\views\errors\html\error_exception.php' for inclusion (include_path='C:\xampp\php\PEAR') C:\noSync\Sites\php\Dr-systems\Drsystems-APP\system\core\Exceptions.php 221
ERROR - 2023-08-29 11:13:48 --> Severity: Warning --> mysqli::real_connect(): Error while reading greeting packet. PID=192 C:\noSync\Sites\php\Dr-systems\Drsystems-APP\system\database\drivers\mysqli\mysqli_driver.php 201
ERROR - 2023-08-29 11:13:48 --> Severity: error --> Exception: MySQL server has gone away C:\noSync\Sites\php\Dr-systems\Drsystems-APP\system\database\drivers\mysqli\mysqli_driver.php 201
ERROR - 2023-08-29 11:13:48 --> Severity: Warning --> include(C:\noSync\Sites\php\Dr-systems\Drsystems-APP\application\views\errors\html\error_exception.php): Failed to open stream: No such file or directory C:\noSync\Sites\php\Dr-systems\Drsystems-APP\system\core\Exceptions.php 221
ERROR - 2023-08-29 11:13:48 --> Severity: Warning --> include(): Failed opening 'C:\noSync\Sites\php\Dr-systems\Drsystems-APP\application\views\errors\html\error_exception.php' for inclusion (include_path='C:\xampp\php\PEAR') C:\noSync\Sites\php\Dr-systems\Drsystems-APP\system\core\Exceptions.php 221
ERROR - 2023-08-29 11:22:28 --> Severity: Warning --> mysqli::real_connect(): Error while reading greeting packet. PID=15708 C:\noSync\Sites\php\2023\Dr-systems\Drsystems-APP\system\database\drivers\mysqli\mysqli_driver.php 201
ERROR - 2023-08-29 11:22:28 --> Severity: error --> Exception: MySQL server has gone away C:\noSync\Sites\php\2023\Dr-systems\Drsystems-APP\system\database\drivers\mysqli\mysqli_driver.php 201
ERROR - 2023-08-29 11:22:28 --> Severity: Warning --> include(C:\noSync\Sites\php\2023\Dr-systems\Drsystems-APP\application\views\errors\html\error_exception.php): Failed to open stream: No such file or directory C:\noSync\Sites\php\2023\Dr-systems\Drsystems-APP\system\core\Exceptions.php 221
ERROR - 2023-08-29 11:22:28 --> Severity: Warning --> include(): Failed opening 'C:\noSync\Sites\php\2023\Dr-systems\Drsystems-APP\application\views\errors\html\error_exception.php' for inclusion (include_path='C:\xampp\php\PEAR') C:\noSync\Sites\php\2023\Dr-systems\Drsystems-APP\system\core\Exceptions.php 221
ERROR - 2023-08-29 11:25:29 --> Severity: Warning --> mysqli::real_connect(): Error while reading greeting packet. PID=15708 C:\noSync\Sites\php\2023\Dr-systems\Drsystems-APP\system\database\drivers\mysqli\mysqli_driver.php 201
ERROR - 2023-08-29 11:25:29 --> Severity: error --> Exception: MySQL server has gone away C:\noSync\Sites\php\2023\Dr-systems\Drsystems-APP\system\database\drivers\mysqli\mysqli_driver.php 201
ERROR - 2023-08-29 11:25:29 --> Severity: Warning --> include(C:\noSync\Sites\php\2023\Dr-systems\Drsystems-APP\application\views\errors\html\error_exception.php): Failed to open stream: No such file or directory C:\noSync\Sites\php\2023\Dr-systems\Drsystems-APP\system\core\Exceptions.php 221
ERROR - 2023-08-29 11:25:29 --> Severity: Warning --> include(): Failed opening 'C:\noSync\Sites\php\2023\Dr-systems\Drsystems-APP\application\views\errors\html\error_exception.php' for inclusion (include_path='C:\xampp\php\PEAR') C:\noSync\Sites\php\2023\Dr-systems\Drsystems-APP\system\core\Exceptions.php 221
ERROR - 2023-08-29 11:29:53 --> Severity: Warning --> mysqli::real_connect(): Error while reading greeting packet. PID=15708 C:\noSync\Sites\php\2023\Dr-systems\Drsystems-APP\system\database\drivers\mysqli\mysqli_driver.php 201
ERROR - 2023-08-29 11:29:53 --> Severity: error --> Exception: MySQL server has gone away C:\noSync\Sites\php\2023\Dr-systems\Drsystems-APP\system\database\drivers\mysqli\mysqli_driver.php 201
ERROR - 2023-08-29 11:29:53 --> Severity: Warning --> include(C:\noSync\Sites\php\2023\Dr-systems\Drsystems-APP\application\views\errors\html\error_exception.php): Failed to open stream: No such file or directory C:\noSync\Sites\php\2023\Dr-systems\Drsystems-APP\system\core\Exceptions.php 221
ERROR - 2023-08-29 11:29:53 --> Severity: Warning --> include(): Failed opening 'C:\noSync\Sites\php\2023\Dr-systems\Drsystems-APP\application\views\errors\html\error_exception.php' for inclusion (include_path='C:\xampp\php\PEAR') C:\noSync\Sites\php\2023\Dr-systems\Drsystems-APP\system\core\Exceptions.php 221
ERROR - 2023-08-29 11:31:33 --> Severity: Warning --> mysqli::real_connect(): Error while reading greeting packet. PID=15708 C:\noSync\Sites\php\2023\Dr-systems\Drsystems-APP\system\database\drivers\mysqli\mysqli_driver.php 201
ERROR - 2023-08-29 11:31:33 --> Severity: error --> Exception: MySQL server has gone away C:\noSync\Sites\php\2023\Dr-systems\Drsystems-APP\system\database\drivers\mysqli\mysqli_driver.php 201
ERROR - 2023-08-29 11:31:33 --> Severity: Warning --> include(C:\noSync\Sites\php\2023\Dr-systems\Drsystems-APP\application\views\errors\html\error_exception.php): Failed to open stream: No such file or directory C:\noSync\Sites\php\2023\Dr-systems\Drsystems-APP\system\core\Exceptions.php 221
ERROR - 2023-08-29 11:31:33 --> Severity: Warning --> include(): Failed opening 'C:\noSync\Sites\php\2023\Dr-systems\Drsystems-APP\application\views\errors\html\error_exception.php' for inclusion (include_path='C:\xampp\php\PEAR') C:\noSync\Sites\php\2023\Dr-systems\Drsystems-APP\system\core\Exceptions.php 221
ERROR - 2023-08-29 11:35:10 --> Severity: Warning --> mysqli::real_connect(): Error while reading greeting packet. PID=15708 C:\noSync\Sites\php\2023\Dr-systems\Drsystems-APP\system\database\drivers\mysqli\mysqli_driver.php 201
ERROR - 2023-08-29 11:35:10 --> Severity: error --> Exception: MySQL server has gone away C:\noSync\Sites\php\2023\Dr-systems\Drsystems-APP\system\database\drivers\mysqli\mysqli_driver.php 201
ERROR - 2023-08-29 11:35:10 --> Severity: Warning --> include(C:\noSync\Sites\php\2023\Dr-systems\Drsystems-APP\application\views\errors\html\error_exception.php): Failed to open stream: No such file or directory C:\noSync\Sites\php\2023\Dr-systems\Drsystems-APP\system\core\Exceptions.php 221
ERROR - 2023-08-29 11:35:10 --> Severity: Warning --> include(): Failed opening 'C:\noSync\Sites\php\2023\Dr-systems\Drsystems-APP\application\views\errors\html\error_exception.php' for inclusion (include_path='C:\xampp\php\PEAR') C:\noSync\Sites\php\2023\Dr-systems\Drsystems-APP\system\core\Exceptions.php 221
ERROR - 2023-08-29 11:38:15 --> Severity: Warning --> mysqli::real_connect(): Error while reading greeting packet. PID=15708 C:\noSync\Sites\php\2023\Dr-systems\Drsystems-APP\system\database\drivers\mysqli\mysqli_driver.php 201
ERROR - 2023-08-29 11:38:15 --> Severity: error --> Exception: MySQL server has gone away C:\noSync\Sites\php\2023\Dr-systems\Drsystems-APP\system\database\drivers\mysqli\mysqli_driver.php 201
ERROR - 2023-08-29 11:38:15 --> Severity: Warning --> include(C:\noSync\Sites\php\2023\Dr-systems\Drsystems-APP\application\views\errors\html\error_exception.php): Failed to open stream: No such file or directory C:\noSync\Sites\php\2023\Dr-systems\Drsystems-APP\system\core\Exceptions.php 221
ERROR - 2023-08-29 11:38:15 --> Severity: Warning --> include(): Failed opening 'C:\noSync\Sites\php\2023\Dr-systems\Drsystems-APP\application\views\errors\html\error_exception.php' for inclusion (include_path='C:\xampp\php\PEAR') C:\noSync\Sites\php\2023\Dr-systems\Drsystems-APP\system\core\Exceptions.php 221
ERROR - 2023-08-29 11:40:29 --> Severity: Warning --> mysqli::real_connect(): Error while reading greeting packet. PID=15708 C:\noSync\Sites\php\2023\Dr-systems\Drsystems-APP\system\database\drivers\mysqli\mysqli_driver.php 201
ERROR - 2023-08-29 11:40:29 --> Severity: error --> Exception: MySQL server has gone away C:\noSync\Sites\php\2023\Dr-systems\Drsystems-APP\system\database\drivers\mysqli\mysqli_driver.php 201
ERROR - 2023-08-29 11:40:29 --> Severity: Warning --> include(C:\noSync\Sites\php\2023\Dr-systems\Drsystems-APP\application\views\errors\html\error_exception.php): Failed to open stream: No such file or directory C:\noSync\Sites\php\2023\Dr-systems\Drsystems-APP\system\core\Exceptions.php 221
ERROR - 2023-08-29 11:40:29 --> Severity: Warning --> include(): Failed opening 'C:\noSync\Sites\php\2023\Dr-systems\Drsystems-APP\application\views\errors\html\error_exception.php' for inclusion (include_path='C:\xampp\php\PEAR') C:\noSync\Sites\php\2023\Dr-systems\Drsystems-APP\system\core\Exceptions.php 221
ERROR - 2023-08-29 11:45:15 --> Severity: Warning --> mysqli::real_connect(): Error while reading greeting packet. PID=15708 C:\noSync\Sites\php\2023\Dr-systems\Drsystems-APP\system\database\drivers\mysqli\mysqli_driver.php 201
ERROR - 2023-08-29 11:45:15 --> Severity: error --> Exception: MySQL server has gone away C:\noSync\Sites\php\2023\Dr-systems\Drsystems-APP\system\database\drivers\mysqli\mysqli_driver.php 201
ERROR - 2023-08-29 11:45:15 --> Severity: Warning --> include(C:\noSync\Sites\php\2023\Dr-systems\Drsystems-APP\application\views\errors\html\error_exception.php): Failed to open stream: No such file or directory C:\noSync\Sites\php\2023\Dr-systems\Drsystems-APP\system\core\Exceptions.php 221
ERROR - 2023-08-29 11:45:15 --> Severity: Warning --> include(): Failed opening 'C:\noSync\Sites\php\2023\Dr-systems\Drsystems-APP\application\views\errors\html\error_exception.php' for inclusion (include_path='C:\xampp\php\PEAR') C:\noSync\Sites\php\2023\Dr-systems\Drsystems-APP\system\core\Exceptions.php 221
ERROR - 2023-08-29 11:46:21 --> Severity: Warning --> mysqli::real_connect(): Error while reading greeting packet. PID=15708 C:\noSync\Sites\php\2023\Dr-systems\Drsystems-APP\system\database\drivers\mysqli\mysqli_driver.php 201
ERROR - 2023-08-29 11:46:21 --> Severity: error --> Exception: MySQL server has gone away C:\noSync\Sites\php\2023\Dr-systems\Drsystems-APP\system\database\drivers\mysqli\mysqli_driver.php 201
ERROR - 2023-08-29 11:46:21 --> Severity: Warning --> include(C:\noSync\Sites\php\2023\Dr-systems\Drsystems-APP\application\views\errors\html\error_exception.php): Failed to open stream: No such file or directory C:\noSync\Sites\php\2023\Dr-systems\Drsystems-APP\system\core\Exceptions.php 221
ERROR - 2023-08-29 11:46:21 --> Severity: Warning --> include(): Failed opening 'C:\noSync\Sites\php\2023\Dr-systems\Drsystems-APP\application\views\errors\html\error_exception.php' for inclusion (include_path='C:\xampp\php\PEAR') C:\noSync\Sites\php\2023\Dr-systems\Drsystems-APP\system\core\Exceptions.php 221
ERROR - 2023-08-29 11:47:54 --> Severity: Warning --> mysqli::real_connect(): Error while reading greeting packet. PID=15708 C:\noSync\Sites\php\2023\Dr-systems\Drsystems-APP\system\database\drivers\mysqli\mysqli_driver.php 201
ERROR - 2023-08-29 11:47:54 --> Severity: error --> Exception: MySQL server has gone away C:\noSync\Sites\php\2023\Dr-systems\Drsystems-APP\system\database\drivers\mysqli\mysqli_driver.php 201
ERROR - 2023-08-29 11:47:54 --> Severity: Warning --> include(C:\noSync\Sites\php\2023\Dr-systems\Drsystems-APP\application\views\errors\html\error_exception.php): Failed to open stream: No such file or directory C:\noSync\Sites\php\2023\Dr-systems\Drsystems-APP\system\core\Exceptions.php 221
ERROR - 2023-08-29 11:47:54 --> Severity: Warning --> include(): Failed opening 'C:\noSync\Sites\php\2023\Dr-systems\Drsystems-APP\application\views\errors\html\error_exception.php' for inclusion (include_path='C:\xampp\php\PEAR') C:\noSync\Sites\php\2023\Dr-systems\Drsystems-APP\system\core\Exceptions.php 221
ERROR - 2023-08-29 11:48:58 --> Severity: Warning --> mysqli::real_connect(): Error while reading greeting packet. PID=15708 C:\noSync\Sites\php\2023\Dr-systems\Drsystems-APP\system\database\drivers\mysqli\mysqli_driver.php 201
ERROR - 2023-08-29 11:48:58 --> Severity: error --> Exception: MySQL server has gone away C:\noSync\Sites\php\2023\Dr-systems\Drsystems-APP\system\database\drivers\mysqli\mysqli_driver.php 201
ERROR - 2023-08-29 11:48:58 --> Severity: Warning --> include(C:\noSync\Sites\php\2023\Dr-systems\Drsystems-APP\application\views\errors\html\error_exception.php): Failed to open stream: No such file or directory C:\noSync\Sites\php\2023\Dr-systems\Drsystems-APP\system\core\Exceptions.php 221
ERROR - 2023-08-29 11:48:58 --> Severity: Warning --> include(): Failed opening 'C:\noSync\Sites\php\2023\Dr-systems\Drsystems-APP\application\views\errors\html\error_exception.php' for inclusion (include_path='C:\xampp\php\PEAR') C:\noSync\Sites\php\2023\Dr-systems\Drsystems-APP\system\core\Exceptions.php 221
ERROR - 2023-08-29 11:50:25 --> Severity: Warning --> mysqli::real_connect(): Error while reading greeting packet. PID=15708 C:\noSync\Sites\php\2023\Dr-systems\Drsystems-APP\system\database\drivers\mysqli\mysqli_driver.php 201
ERROR - 2023-08-29 11:50:25 --> Severity: error --> Exception: MySQL server has gone away C:\noSync\Sites\php\2023\Dr-systems\Drsystems-APP\system\database\drivers\mysqli\mysqli_driver.php 201
ERROR - 2023-08-29 11:50:25 --> Severity: Warning --> include(C:\noSync\Sites\php\2023\Dr-systems\Drsystems-APP\application\views\errors\html\error_exception.php): Failed to open stream: No such file or directory C:\noSync\Sites\php\2023\Dr-systems\Drsystems-APP\system\core\Exceptions.php 221
ERROR - 2023-08-29 11:50:25 --> Severity: Warning --> include(): Failed opening 'C:\noSync\Sites\php\2023\Dr-systems\Drsystems-APP\application\views\errors\html\error_exception.php' for inclusion (include_path='C:\xampp\php\PEAR') C:\noSync\Sites\php\2023\Dr-systems\Drsystems-APP\system\core\Exceptions.php 221
ERROR - 2023-08-29 11:53:00 --> Severity: Warning --> mysqli::real_connect(): Error while reading greeting packet. PID=15708 C:\noSync\Sites\php\2023\Dr-systems\Drsystems-APP\system\database\drivers\mysqli\mysqli_driver.php 201
ERROR - 2023-08-29 11:53:00 --> Severity: error --> Exception: MySQL server has gone away C:\noSync\Sites\php\2023\Dr-systems\Drsystems-APP\system\database\drivers\mysqli\mysqli_driver.php 201
ERROR - 2023-08-29 11:53:00 --> Severity: Warning --> include(C:\noSync\Sites\php\2023\Dr-systems\Drsystems-APP\application\views\errors\html\error_exception.php): Failed to open stream: No such file or directory C:\noSync\Sites\php\2023\Dr-systems\Drsystems-APP\system\core\Exceptions.php 221
ERROR - 2023-08-29 11:53:00 --> Severity: Warning --> include(): Failed opening 'C:\noSync\Sites\php\2023\Dr-systems\Drsystems-APP\application\views\errors\html\error_exception.php' for inclusion (include_path='C:\xampp\php\PEAR') C:\noSync\Sites\php\2023\Dr-systems\Drsystems-APP\system\core\Exceptions.php 221
ERROR - 2023-08-29 11:56:06 --> Severity: Warning --> mysqli::real_connect(): Error while reading greeting packet. PID=15708 C:\noSync\Sites\php\2023\Dr-systems\Drsystems-APP\system\database\drivers\mysqli\mysqli_driver.php 201
ERROR - 2023-08-29 11:56:06 --> Severity: error --> Exception: MySQL server has gone away C:\noSync\Sites\php\2023\Dr-systems\Drsystems-APP\system\database\drivers\mysqli\mysqli_driver.php 201
ERROR - 2023-08-29 11:56:06 --> Severity: Warning --> include(C:\noSync\Sites\php\2023\Dr-systems\Drsystems-APP\application\views\errors\html\error_exception.php): Failed to open stream: No such file or directory C:\noSync\Sites\php\2023\Dr-systems\Drsystems-APP\system\core\Exceptions.php 221
ERROR - 2023-08-29 11:56:06 --> Severity: Warning --> include(): Failed opening 'C:\noSync\Sites\php\2023\Dr-systems\Drsystems-APP\application\views\errors\html\error_exception.php' for inclusion (include_path='C:\xampp\php\PEAR') C:\noSync\Sites\php\2023\Dr-systems\Drsystems-APP\system\core\Exceptions.php 221
ERROR - 2023-08-29 11:58:43 --> Severity: Warning --> mysqli::real_connect(): Error while reading greeting packet. PID=15708 C:\noSync\Sites\php\2023\Dr-systems\Drsystems-APP\system\database\drivers\mysqli\mysqli_driver.php 201
ERROR - 2023-08-29 11:58:43 --> Severity: error --> Exception: MySQL server has gone away C:\noSync\Sites\php\2023\Dr-systems\Drsystems-APP\system\database\drivers\mysqli\mysqli_driver.php 201
ERROR - 2023-08-29 11:58:43 --> Severity: Warning --> include(C:\noSync\Sites\php\2023\Dr-systems\Drsystems-APP\application\views\errors\html\error_exception.php): Failed to open stream: No such file or directory C:\noSync\Sites\php\2023\Dr-systems\Drsystems-APP\system\core\Exceptions.php 221
ERROR - 2023-08-29 11:58:43 --> Severity: Warning --> include(): Failed opening 'C:\noSync\Sites\php\2023\Dr-systems\Drsystems-APP\application\views\errors\html\error_exception.php' for inclusion (include_path='C:\xampp\php\PEAR') C:\noSync\Sites\php\2023\Dr-systems\Drsystems-APP\system\core\Exceptions.php 221
ERROR - 2023-08-29 12:03:32 --> Severity: Warning --> mysqli::real_connect(): Error while reading greeting packet. PID=15708 C:\noSync\Sites\php\2023\Dr-systems\Drsystems-APP\system\database\drivers\mysqli\mysqli_driver.php 201
ERROR - 2023-08-29 12:03:32 --> Severity: error --> Exception: MySQL server has gone away C:\noSync\Sites\php\2023\Dr-systems\Drsystems-APP\system\database\drivers\mysqli\mysqli_driver.php 201
ERROR - 2023-08-29 12:03:32 --> Severity: Warning --> include(C:\noSync\Sites\php\2023\Dr-systems\Drsystems-APP\application\views\errors\html\error_exception.php): Failed to open stream: No such file or directory C:\noSync\Sites\php\2023\Dr-systems\Drsystems-APP\system\core\Exceptions.php 221
ERROR - 2023-08-29 12:03:32 --> Severity: Warning --> include(): Failed opening 'C:\noSync\Sites\php\2023\Dr-systems\Drsystems-APP\application\views\errors\html\error_exception.php' for inclusion (include_path='C:\xampp\php\PEAR') C:\noSync\Sites\php\2023\Dr-systems\Drsystems-APP\system\core\Exceptions.php 221
ERROR - 2023-08-29 12:04:37 --> Severity: Warning --> mysqli::real_connect(): Error while reading greeting packet. PID=15708 C:\noSync\Sites\php\2023\Dr-systems\Drsystems-APP\system\database\drivers\mysqli\mysqli_driver.php 201
ERROR - 2023-08-29 12:04:37 --> Severity: error --> Exception: MySQL server has gone away C:\noSync\Sites\php\2023\Dr-systems\Drsystems-APP\system\database\drivers\mysqli\mysqli_driver.php 201
ERROR - 2023-08-29 12:04:37 --> Severity: Warning --> include(C:\noSync\Sites\php\2023\Dr-systems\Drsystems-APP\application\views\errors\html\error_exception.php): Failed to open stream: No such file or directory C:\noSync\Sites\php\2023\Dr-systems\Drsystems-APP\system\core\Exceptions.php 221
ERROR - 2023-08-29 12:04:37 --> Severity: Warning --> include(): Failed opening 'C:\noSync\Sites\php\2023\Dr-systems\Drsystems-APP\application\views\errors\html\error_exception.php' for inclusion (include_path='C:\xampp\php\PEAR') C:\noSync\Sites\php\2023\Dr-systems\Drsystems-APP\system\core\Exceptions.php 221
ERROR - 2023-08-29 12:07:04 --> Severity: Warning --> mysqli::real_connect(): Error while reading greeting packet. PID=15708 C:\noSync\Sites\php\2023\Dr-systems\Drsystems-APP\system\database\drivers\mysqli\mysqli_driver.php 201
ERROR - 2023-08-29 12:07:04 --> Severity: error --> Exception: MySQL server has gone away C:\noSync\Sites\php\2023\Dr-systems\Drsystems-APP\system\database\drivers\mysqli\mysqli_driver.php 201
ERROR - 2023-08-29 12:07:04 --> Severity: Warning --> include(C:\noSync\Sites\php\2023\Dr-systems\Drsystems-APP\application\views\errors\html\error_exception.php): Failed to open stream: No such file or directory C:\noSync\Sites\php\2023\Dr-systems\Drsystems-APP\system\core\Exceptions.php 221
ERROR - 2023-08-29 12:07:04 --> Severity: Warning --> include(): Failed opening 'C:\noSync\Sites\php\2023\Dr-systems\Drsystems-APP\application\views\errors\html\error_exception.php' for inclusion (include_path='C:\xampp\php\PEAR') C:\noSync\Sites\php\2023\Dr-systems\Drsystems-APP\system\core\Exceptions.php 221
ERROR - 2023-08-29 12:08:26 --> Severity: Warning --> mysqli::real_connect(): Error while reading greeting packet. PID=15708 C:\noSync\Sites\php\2023\Dr-systems\Drsystems-APP\system\database\drivers\mysqli\mysqli_driver.php 201
ERROR - 2023-08-29 12:08:26 --> Severity: error --> Exception: MySQL server has gone away C:\noSync\Sites\php\2023\Dr-systems\Drsystems-APP\system\database\drivers\mysqli\mysqli_driver.php 201
ERROR - 2023-08-29 12:08:26 --> Severity: Warning --> include(C:\noSync\Sites\php\2023\Dr-systems\Drsystems-APP\application\views\errors\html\error_exception.php): Failed to open stream: No such file or directory C:\noSync\Sites\php\2023\Dr-systems\Drsystems-APP\system\core\Exceptions.php 221
ERROR - 2023-08-29 12:08:26 --> Severity: Warning --> include(): Failed opening 'C:\noSync\Sites\php\2023\Dr-systems\Drsystems-APP\application\views\errors\html\error_exception.php' for inclusion (include_path='C:\xampp\php\PEAR') C:\noSync\Sites\php\2023\Dr-systems\Drsystems-APP\system\core\Exceptions.php 221
ERROR - 2023-08-29 12:09:34 --> Severity: Warning --> mysqli::real_connect(): Error while reading greeting packet. PID=15708 C:\noSync\Sites\php\2023\Dr-systems\Drsystems-APP\system\database\drivers\mysqli\mysqli_driver.php 201
ERROR - 2023-08-29 12:09:34 --> Severity: error --> Exception: MySQL server has gone away C:\noSync\Sites\php\2023\Dr-systems\Drsystems-APP\system\database\drivers\mysqli\mysqli_driver.php 201
ERROR - 2023-08-29 12:09:34 --> Severity: Warning --> include(C:\noSync\Sites\php\2023\Dr-systems\Drsystems-APP\application\views\errors\html\error_exception.php): Failed to open stream: No such file or directory C:\noSync\Sites\php\2023\Dr-systems\Drsystems-APP\system\core\Exceptions.php 221
ERROR - 2023-08-29 12:09:34 --> Severity: Warning --> include(): Failed opening 'C:\noSync\Sites\php\2023\Dr-systems\Drsystems-APP\application\views\errors\html\error_exception.php' for inclusion (include_path='C:\xampp\php\PEAR') C:\noSync\Sites\php\2023\Dr-systems\Drsystems-APP\system\core\Exceptions.php 221
ERROR - 2023-08-29 12:25:50 --> Severity: Warning --> mysqli::real_connect(): Error while reading greeting packet. PID=15708 C:\noSync\Sites\php\2023\Dr-systems\Drsystems-APP\system\database\drivers\mysqli\mysqli_driver.php 201
ERROR - 2023-08-29 12:25:50 --> Severity: error --> Exception: MySQL server has gone away C:\noSync\Sites\php\2023\Dr-systems\Drsystems-APP\system\database\drivers\mysqli\mysqli_driver.php 201
ERROR - 2023-08-29 12:25:50 --> Severity: Warning --> include(C:\noSync\Sites\php\2023\Dr-systems\Drsystems-APP\application\views\errors\html\error_exception.php): Failed to open stream: No such file or directory C:\noSync\Sites\php\2023\Dr-systems\Drsystems-APP\system\core\Exceptions.php 221
ERROR - 2023-08-29 12:25:50 --> Severity: Warning --> include(): Failed opening 'C:\noSync\Sites\php\2023\Dr-systems\Drsystems-APP\application\views\errors\html\error_exception.php' for inclusion (include_path='C:\xampp\php\PEAR') C:\noSync\Sites\php\2023\Dr-systems\Drsystems-APP\system\core\Exceptions.php 221
ERROR - 2023-08-29 12:29:04 --> Severity: Warning --> mysqli::real_connect(): Error while reading greeting packet. PID=15708 C:\noSync\Sites\php\2023\Dr-systems\Drsystems-APP\system\database\drivers\mysqli\mysqli_driver.php 201
ERROR - 2023-08-29 12:29:04 --> Severity: error --> Exception: MySQL server has gone away C:\noSync\Sites\php\2023\Dr-systems\Drsystems-APP\system\database\drivers\mysqli\mysqli_driver.php 201
ERROR - 2023-08-29 12:29:04 --> Severity: Warning --> include(C:\noSync\Sites\php\2023\Dr-systems\Drsystems-APP\application\views\errors\html\error_exception.php): Failed to open stream: No such file or directory C:\noSync\Sites\php\2023\Dr-systems\Drsystems-APP\system\core\Exceptions.php 221
ERROR - 2023-08-29 12:29:04 --> Severity: Warning --> include(): Failed opening 'C:\noSync\Sites\php\2023\Dr-systems\Drsystems-APP\application\views\errors\html\error_exception.php' for inclusion (include_path='C:\xampp\php\PEAR') C:\noSync\Sites\php\2023\Dr-systems\Drsystems-APP\system\core\Exceptions.php 221
ERROR - 2023-08-29 12:43:08 --> 404 Page Not Found: /index
ERROR - 2023-08-29 12:43:08 --> Severity: Warning --> include(C:\noSync\Sites\php\2023\Dr-systems\Drsystems-APP\application\views\errors\html\error_404.php): Failed to open stream: No such file or directory C:\noSync\Sites\php\2023\Dr-systems\Drsystems-APP\system\core\Exceptions.php 184
ERROR - 2023-08-29 12:43:08 --> Severity: Warning --> include(): Failed opening 'C:\noSync\Sites\php\2023\Dr-systems\Drsystems-APP\application\views\errors\html\error_404.php' for inclusion (include_path='C:\xampp\php\PEAR') C:\noSync\Sites\php\2023\Dr-systems\Drsystems-APP\system\core\Exceptions.php 184
ERROR - 2023-08-29 12:43:10 --> 404 Page Not Found: /index
ERROR - 2023-08-29 12:43:10 --> Severity: Warning --> include(C:\noSync\Sites\php\2023\Dr-systems\Drsystems-APP\application\views\errors\html\error_404.php): Failed to open stream: No such file or directory C:\noSync\Sites\php\2023\Dr-systems\Drsystems-APP\system\core\Exceptions.php 184
ERROR - 2023-08-29 12:43:10 --> Severity: Warning --> include(): Failed opening 'C:\noSync\Sites\php\2023\Dr-systems\Drsystems-APP\application\views\errors\html\error_404.php' for inclusion (include_path='C:\xampp\php\PEAR') C:\noSync\Sites\php\2023\Dr-systems\Drsystems-APP\system\core\Exceptions.php 184
ERROR - 2023-08-29 12:43:11 --> 404 Page Not Found: /index
ERROR - 2023-08-29 12:43:11 --> Severity: Warning --> include(C:\noSync\Sites\php\2023\Dr-systems\Drsystems-APP\application\views\errors\html\error_404.php): Failed to open stream: No such file or directory C:\noSync\Sites\php\2023\Dr-systems\Drsystems-APP\system\core\Exceptions.php 184
ERROR - 2023-08-29 12:43:11 --> Severity: Warning --> include(): Failed opening 'C:\noSync\Sites\php\2023\Dr-systems\Drsystems-APP\application\views\errors\html\error_404.php' for inclusion (include_path='C:\xampp\php\PEAR') C:\noSync\Sites\php\2023\Dr-systems\Drsystems-APP\system\core\Exceptions.php 184
ERROR - 2023-08-29 12:43:12 --> 404 Page Not Found: /index
ERROR - 2023-08-29 12:43:12 --> Severity: Warning --> include(C:\noSync\Sites\php\2023\Dr-systems\Drsystems-APP\application\views\errors\html\error_404.php): Failed to open stream: No such file or directory C:\noSync\Sites\php\2023\Dr-systems\Drsystems-APP\system\core\Exceptions.php 184
ERROR - 2023-08-29 12:43:12 --> Severity: Warning --> include(): Failed opening 'C:\noSync\Sites\php\2023\Dr-systems\Drsystems-APP\application\views\errors\html\error_404.php' for inclusion (include_path='C:\xampp\php\PEAR') C:\noSync\Sites\php\2023\Dr-systems\Drsystems-APP\system\core\Exceptions.php 184
ERROR - 2023-08-29 12:43:12 --> 404 Page Not Found: /index
ERROR - 2023-08-29 12:43:12 --> Severity: Warning --> include(C:\noSync\Sites\php\2023\Dr-systems\Drsystems-APP\application\views\errors\html\error_404.php): Failed to open stream: No such file or directory C:\noSync\Sites\php\2023\Dr-systems\Drsystems-APP\system\core\Exceptions.php 184
ERROR - 2023-08-29 12:43:12 --> Severity: Warning --> include(): Failed opening 'C:\noSync\Sites\php\2023\Dr-systems\Drsystems-APP\application\views\errors\html\error_404.php' for inclusion (include_path='C:\xampp\php\PEAR') C:\noSync\Sites\php\2023\Dr-systems\Drsystems-APP\system\core\Exceptions.php 184
ERROR - 2023-08-29 12:43:13 --> 404 Page Not Found: /index
ERROR - 2023-08-29 12:43:13 --> Severity: Warning --> include(C:\noSync\Sites\php\2023\Dr-systems\Drsystems-APP\application\views\errors\html\error_404.php): Failed to open stream: No such file or directory C:\noSync\Sites\php\2023\Dr-systems\Drsystems-APP\system\core\Exceptions.php 184
ERROR - 2023-08-29 12:43:13 --> Severity: Warning --> include(): Failed opening 'C:\noSync\Sites\php\2023\Dr-systems\Drsystems-APP\application\views\errors\html\error_404.php' for inclusion (include_path='C:\xampp\php\PEAR') C:\noSync\Sites\php\2023\Dr-systems\Drsystems-APP\system\core\Exceptions.php 184
ERROR - 2023-08-29 12:43:16 --> 404 Page Not Found: /index
ERROR - 2023-08-29 12:43:16 --> Severity: Warning --> include(C:\noSync\Sites\php\2023\Dr-systems\Drsystems-APP\application\views\errors\html\error_404.php): Failed to open stream: No such file or directory C:\noSync\Sites\php\2023\Dr-systems\Drsystems-APP\system\core\Exceptions.php 184
ERROR - 2023-08-29 12:43:16 --> Severity: Warning --> include(): Failed opening 'C:\noSync\Sites\php\2023\Dr-systems\Drsystems-APP\application\views\errors\html\error_404.php' for inclusion (include_path='C:\xampp\php\PEAR') C:\noSync\Sites\php\2023\Dr-systems\Drsystems-APP\system\core\Exceptions.php 184
ERROR - 2023-08-29 12:43:17 --> 404 Page Not Found: /index
ERROR - 2023-08-29 12:43:17 --> Severity: Warning --> include(C:\noSync\Sites\php\2023\Dr-systems\Drsystems-APP\application\views\errors\html\error_404.php): Failed to open stream: No such file or directory C:\noSync\Sites\php\2023\Dr-systems\Drsystems-APP\system\core\Exceptions.php 184
ERROR - 2023-08-29 12:43:17 --> Severity: Warning --> include(): Failed opening 'C:\noSync\Sites\php\2023\Dr-systems\Drsystems-APP\application\views\errors\html\error_404.php' for inclusion (include_path='C:\xampp\php\PEAR') C:\noSync\Sites\php\2023\Dr-systems\Drsystems-APP\system\core\Exceptions.php 184
ERROR - 2023-08-29 12:43:29 --> 404 Page Not Found: /index
ERROR - 2023-08-29 12:43:29 --> Severity: Warning --> include(C:\noSync\Sites\php\2023\Dr-systems\Drsystems-APP\application\views\errors\html\error_404.php): Failed to open stream: No such file or directory C:\noSync\Sites\php\2023\Dr-systems\Drsystems-APP\system\core\Exceptions.php 184
ERROR - 2023-08-29 12:43:29 --> Severity: Warning --> include(): Failed opening 'C:\noSync\Sites\php\2023\Dr-systems\Drsystems-APP\application\views\errors\html\error_404.php' for inclusion (include_path='C:\xampp\php\PEAR') C:\noSync\Sites\php\2023\Dr-systems\Drsystems-APP\system\core\Exceptions.php 184
ERROR - 2023-08-29 12:43:30 --> 404 Page Not Found: /index
ERROR - 2023-08-29 12:43:30 --> Severity: Warning --> include(C:\noSync\Sites\php\2023\Dr-systems\Drsystems-APP\application\views\errors\html\error_404.php): Failed to open stream: No such file or directory C:\noSync\Sites\php\2023\Dr-systems\Drsystems-APP\system\core\Exceptions.php 184
ERROR - 2023-08-29 12:43:30 --> Severity: Warning --> include(): Failed opening 'C:\noSync\Sites\php\2023\Dr-systems\Drsystems-APP\application\views\errors\html\error_404.php' for inclusion (include_path='C:\xampp\php\PEAR') C:\noSync\Sites\php\2023\Dr-systems\Drsystems-APP\system\core\Exceptions.php 184
ERROR - 2023-08-29 12:43:44 --> 404 Page Not Found: /index
ERROR - 2023-08-29 12:43:44 --> Severity: Warning --> include(C:\noSync\Sites\php\2023\Dr-systems\Drsystems-APP\application\views\errors\html\error_404.php): Failed to open stream: No such file or directory C:\noSync\Sites\php\2023\Dr-systems\Drsystems-APP\system\core\Exceptions.php 184
ERROR - 2023-08-29 12:43:44 --> Severity: Warning --> include(): Failed opening 'C:\noSync\Sites\php\2023\Dr-systems\Drsystems-APP\application\views\errors\html\error_404.php' for inclusion (include_path='C:\xampp\php\PEAR') C:\noSync\Sites\php\2023\Dr-systems\Drsystems-APP\system\core\Exceptions.php 184
ERROR - 2023-08-29 12:43:46 --> 404 Page Not Found: /index
ERROR - 2023-08-29 12:43:46 --> Severity: Warning --> include(C:\noSync\Sites\php\2023\Dr-systems\Drsystems-APP\application\views\errors\html\error_404.php): Failed to open stream: No such file or directory C:\noSync\Sites\php\2023\Dr-systems\Drsystems-APP\system\core\Exceptions.php 184
ERROR - 2023-08-29 12:43:46 --> Severity: Warning --> include(): Failed opening 'C:\noSync\Sites\php\2023\Dr-systems\Drsystems-APP\application\views\errors\html\error_404.php' for inclusion (include_path='C:\xampp\php\PEAR') C:\noSync\Sites\php\2023\Dr-systems\Drsystems-APP\system\core\Exceptions.php 184
ERROR - 2023-08-29 12:43:46 --> 404 Page Not Found: /index
ERROR - 2023-08-29 12:43:46 --> Severity: Warning --> include(C:\noSync\Sites\php\2023\Dr-systems\Drsystems-APP\application\views\errors\html\error_404.php): Failed to open stream: No such file or directory C:\noSync\Sites\php\2023\Dr-systems\Drsystems-APP\system\core\Exceptions.php 184
ERROR - 2023-08-29 12:43:46 --> Severity: Warning --> include(): Failed opening 'C:\noSync\Sites\php\2023\Dr-systems\Drsystems-APP\application\views\errors\html\error_404.php' for inclusion (include_path='C:\xampp\php\PEAR') C:\noSync\Sites\php\2023\Dr-systems\Drsystems-APP\system\core\Exceptions.php 184
ERROR - 2023-08-29 12:43:46 --> 404 Page Not Found: /index
ERROR - 2023-08-29 12:43:46 --> Severity: Warning --> include(C:\noSync\Sites\php\2023\Dr-systems\Drsystems-APP\application\views\errors\html\error_404.php): Failed to open stream: No such file or directory C:\noSync\Sites\php\2023\Dr-systems\Drsystems-APP\system\core\Exceptions.php 184
ERROR - 2023-08-29 12:43:47 --> Severity: Warning --> include(): Failed opening 'C:\noSync\Sites\php\2023\Dr-systems\Drsystems-APP\application\views\errors\html\error_404.php' for inclusion (include_path='C:\xampp\php\PEAR') C:\noSync\Sites\php\2023\Dr-systems\Drsystems-APP\system\core\Exceptions.php 184
ERROR - 2023-08-29 12:43:47 --> 404 Page Not Found: /index
ERROR - 2023-08-29 12:43:47 --> Severity: Warning --> include(C:\noSync\Sites\php\2023\Dr-systems\Drsystems-APP\application\views\errors\html\error_404.php): Failed to open stream: No such file or directory C:\noSync\Sites\php\2023\Dr-systems\Drsystems-APP\system\core\Exceptions.php 184
ERROR - 2023-08-29 12:43:47 --> Severity: Warning --> include(): Failed opening 'C:\noSync\Sites\php\2023\Dr-systems\Drsystems-APP\application\views\errors\html\error_404.php' for inclusion (include_path='C:\xampp\php\PEAR') C:\noSync\Sites\php\2023\Dr-systems\Drsystems-APP\system\core\Exceptions.php 184
ERROR - 2023-08-29 12:43:47 --> 404 Page Not Found: /index
ERROR - 2023-08-29 12:43:47 --> Severity: Warning --> include(C:\noSync\Sites\php\2023\Dr-systems\Drsystems-APP\application\views\errors\html\error_404.php): Failed to open stream: No such file or directory C:\noSync\Sites\php\2023\Dr-systems\Drsystems-APP\system\core\Exceptions.php 184
ERROR - 2023-08-29 12:43:47 --> Severity: Warning --> include(): Failed opening 'C:\noSync\Sites\php\2023\Dr-systems\Drsystems-APP\application\views\errors\html\error_404.php' for inclusion (include_path='C:\xampp\php\PEAR') C:\noSync\Sites\php\2023\Dr-systems\Drsystems-APP\system\core\Exceptions.php 184
ERROR - 2023-08-29 12:45:09 --> 404 Page Not Found: /index
ERROR - 2023-08-29 12:45:09 --> Severity: Warning --> include(C:\noSync\Sites\php\2023\Dr-systems\Drsystems-APP\application\views\errors\html\error_404.php): Failed to open stream: No such file or directory C:\noSync\Sites\php\2023\Dr-systems\Drsystems-APP\system\core\Exceptions.php 184
ERROR - 2023-08-29 12:45:09 --> Severity: Warning --> include(): Failed opening 'C:\noSync\Sites\php\2023\Dr-systems\Drsystems-APP\application\views\errors\html\error_404.php' for inclusion (include_path='C:\xampp\php\PEAR') C:\noSync\Sites\php\2023\Dr-systems\Drsystems-APP\system\core\Exceptions.php 184
ERROR - 2023-08-29 12:45:09 --> 404 Page Not Found: /index
ERROR - 2023-08-29 12:45:09 --> Severity: Warning --> include(C:\noSync\Sites\php\2023\Dr-systems\Drsystems-APP\application\views\errors\html\error_404.php): Failed to open stream: No such file or directory C:\noSync\Sites\php\2023\Dr-systems\Drsystems-APP\system\core\Exceptions.php 184
ERROR - 2023-08-29 12:45:09 --> Severity: Warning --> include(): Failed opening 'C:\noSync\Sites\php\2023\Dr-systems\Drsystems-APP\application\views\errors\html\error_404.php' for inclusion (include_path='C:\xampp\php\PEAR') C:\noSync\Sites\php\2023\Dr-systems\Drsystems-APP\system\core\Exceptions.php 184
ERROR - 2023-08-29 12:45:11 --> 404 Page Not Found: /index
ERROR - 2023-08-29 12:45:11 --> Severity: Warning --> include(C:\noSync\Sites\php\2023\Dr-systems\Drsystems-APP\application\views\errors\html\error_404.php): Failed to open stream: No such file or directory C:\noSync\Sites\php\2023\Dr-systems\Drsystems-APP\system\core\Exceptions.php 184
ERROR - 2023-08-29 12:45:11 --> Severity: Warning --> include(): Failed opening 'C:\noSync\Sites\php\2023\Dr-systems\Drsystems-APP\application\views\errors\html\error_404.php' for inclusion (include_path='C:\xampp\php\PEAR') C:\noSync\Sites\php\2023\Dr-systems\Drsystems-APP\system\core\Exceptions.php 184
ERROR - 2023-08-29 12:45:11 --> 404 Page Not Found: /index
ERROR - 2023-08-29 12:45:11 --> Severity: Warning --> include(C:\noSync\Sites\php\2023\Dr-systems\Drsystems-APP\application\views\errors\html\error_404.php): Failed to open stream: No such file or directory C:\noSync\Sites\php\2023\Dr-systems\Drsystems-APP\system\core\Exceptions.php 184
ERROR - 2023-08-29 12:45:11 --> Severity: Warning --> include(): Failed opening 'C:\noSync\Sites\php\2023\Dr-systems\Drsystems-APP\application\views\errors\html\error_404.php' for inclusion (include_path='C:\xampp\php\PEAR') C:\noSync\Sites\php\2023\Dr-systems\Drsystems-APP\system\core\Exceptions.php 184
ERROR - 2023-08-29 12:45:11 --> 404 Page Not Found: /index
ERROR - 2023-08-29 12:45:11 --> Severity: Warning --> include(C:\noSync\Sites\php\2023\Dr-systems\Drsystems-APP\application\views\errors\html\error_404.php): Failed to open stream: No such file or directory C:\noSync\Sites\php\2023\Dr-systems\Drsystems-APP\system\core\Exceptions.php 184
ERROR - 2023-08-29 12:45:11 --> Severity: Warning --> include(): Failed opening 'C:\noSync\Sites\php\2023\Dr-systems\Drsystems-APP\application\views\errors\html\error_404.php' for inclusion (include_path='C:\xampp\php\PEAR') C:\noSync\Sites\php\2023\Dr-systems\Drsystems-APP\system\core\Exceptions.php 184
ERROR - 2023-08-29 12:46:26 --> Severity: Warning --> mysqli::real_connect(): Error while reading greeting packet. PID=15708 C:\noSync\Sites\php\2023\Dr-systems\Drsystems-APP\system\database\drivers\mysqli\mysqli_driver.php 201
ERROR - 2023-08-29 12:46:26 --> Severity: error --> Exception: MySQL server has gone away C:\noSync\Sites\php\2023\Dr-systems\Drsystems-APP\system\database\drivers\mysqli\mysqli_driver.php 201
ERROR - 2023-08-29 12:46:26 --> Severity: Warning --> include(C:\noSync\Sites\php\2023\Dr-systems\Drsystems-APP\application\views\errors\html\error_exception.php): Failed to open stream: No such file or directory C:\noSync\Sites\php\2023\Dr-systems\Drsystems-APP\system\core\Exceptions.php 221
ERROR - 2023-08-29 12:46:26 --> Severity: Warning --> include(): Failed opening 'C:\noSync\Sites\php\2023\Dr-systems\Drsystems-APP\application\views\errors\html\error_exception.php' for inclusion (include_path='C:\xampp\php\PEAR') C:\noSync\Sites\php\2023\Dr-systems\Drsystems-APP\system\core\Exceptions.php 221
ERROR - 2023-08-29 12:49:29 --> Severity: Warning --> mysqli::real_connect(): Error while reading greeting packet. PID=15708 C:\noSync\Sites\php\2023\Dr-systems\Drsystems-APP\system\database\drivers\mysqli\mysqli_driver.php 201
ERROR - 2023-08-29 12:49:29 --> Severity: error --> Exception: MySQL server has gone away C:\noSync\Sites\php\2023\Dr-systems\Drsystems-APP\system\database\drivers\mysqli\mysqli_driver.php 201
ERROR - 2023-08-29 12:49:29 --> Severity: Warning --> include(C:\noSync\Sites\php\2023\Dr-systems\Drsystems-APP\application\views\errors\html\error_exception.php): Failed to open stream: No such file or directory C:\noSync\Sites\php\2023\Dr-systems\Drsystems-APP\system\core\Exceptions.php 221
ERROR - 2023-08-29 12:49:29 --> Severity: Warning --> include(): Failed opening 'C:\noSync\Sites\php\2023\Dr-systems\Drsystems-APP\application\views\errors\html\error_exception.php' for inclusion (include_path='C:\xampp\php\PEAR') C:\noSync\Sites\php\2023\Dr-systems\Drsystems-APP\system\core\Exceptions.php 221
ERROR - 2023-08-29 12:52:59 --> Severity: Warning --> mysqli::real_connect(): Error while reading greeting packet. PID=15708 C:\noSync\Sites\php\2023\Dr-systems\Drsystems-APP\system\database\drivers\mysqli\mysqli_driver.php 201
ERROR - 2023-08-29 12:52:59 --> Severity: error --> Exception: MySQL server has gone away C:\noSync\Sites\php\2023\Dr-systems\Drsystems-APP\system\database\drivers\mysqli\mysqli_driver.php 201
ERROR - 2023-08-29 12:52:59 --> Severity: Warning --> include(C:\noSync\Sites\php\2023\Dr-systems\Drsystems-APP\application\views\errors\html\error_exception.php): Failed to open stream: No such file or directory C:\noSync\Sites\php\2023\Dr-systems\Drsystems-APP\system\core\Exceptions.php 221
ERROR - 2023-08-29 12:52:59 --> Severity: Warning --> include(): Failed opening 'C:\noSync\Sites\php\2023\Dr-systems\Drsystems-APP\application\views\errors\html\error_exception.php' for inclusion (include_path='C:\xampp\php\PEAR') C:\noSync\Sites\php\2023\Dr-systems\Drsystems-APP\system\core\Exceptions.php 221
ERROR - 2023-08-29 14:39:33 --> Severity: Warning --> mysqli::real_connect(): Error while reading greeting packet. PID=15708 C:\noSync\Sites\php\2023\Dr-systems\Drsystems-APP\system\database\drivers\mysqli\mysqli_driver.php 201
ERROR - 2023-08-29 14:39:33 --> Severity: error --> Exception: MySQL server has gone away C:\noSync\Sites\php\2023\Dr-systems\Drsystems-APP\system\database\drivers\mysqli\mysqli_driver.php 201
ERROR - 2023-08-29 14:39:33 --> Severity: Warning --> include(C:\noSync\Sites\php\2023\Dr-systems\Drsystems-APP\application\views\errors\html\error_exception.php): Failed to open stream: No such file or directory C:\noSync\Sites\php\2023\Dr-systems\Drsystems-APP\system\core\Exceptions.php 221
ERROR - 2023-08-29 14:39:33 --> Severity: Warning --> include(): Failed opening 'C:\noSync\Sites\php\2023\Dr-systems\Drsystems-APP\application\views\errors\html\error_exception.php' for inclusion (include_path='C:\xampp\php\PEAR') C:\noSync\Sites\php\2023\Dr-systems\Drsystems-APP\system\core\Exceptions.php 221
ERROR - 2023-08-29 14:54:41 --> 404 Page Not Found: User/log_in
ERROR - 2023-08-29 14:54:41 --> Severity: Warning --> include(C:\noSync\Sites\php\2023\Dr-systems\Drsystems-APP\application\views\errors\html\error_404.php): Failed to open stream: No such file or directory C:\noSync\Sites\php\2023\Dr-systems\Drsystems-APP\system\core\Exceptions.php 184
ERROR - 2023-08-29 14:54:41 --> Severity: Warning --> include(): Failed opening 'C:\noSync\Sites\php\2023\Dr-systems\Drsystems-APP\application\views\errors\html\error_404.php' for inclusion (include_path='C:\xampp\php\PEAR') C:\noSync\Sites\php\2023\Dr-systems\Drsystems-APP\system\core\Exceptions.php 184
ERROR - 2023-08-29 15:07:41 --> 404 Page Not Found: User/log_in
ERROR - 2023-08-29 15:07:41 --> Severity: Warning --> include(C:\noSync\Sites\php\2023\Dr-systems\Drsystems-APP\application\views\errors\html\error_404.php): Failed to open stream: No such file or directory C:\noSync\Sites\php\2023\Dr-systems\Drsystems-APP\system\core\Exceptions.php 184
ERROR - 2023-08-29 15:07:41 --> Severity: Warning --> include(): Failed opening 'C:\noSync\Sites\php\2023\Dr-systems\Drsystems-APP\application\views\errors\html\error_404.php' for inclusion (include_path='C:\xampp\php\PEAR') C:\noSync\Sites\php\2023\Dr-systems\Drsystems-APP\system\core\Exceptions.php 184
ERROR - 2023-08-29 15:07:53 --> 404 Page Not Found: User/log_in
ERROR - 2023-08-29 15:07:53 --> Severity: Warning --> include(C:\noSync\Sites\php\2023\Dr-systems\Drsystems-APP\application\views\errors\html\error_404.php): Failed to open stream: No such file or directory C:\noSync\Sites\php\2023\Dr-systems\Drsystems-APP\system\core\Exceptions.php 184
ERROR - 2023-08-29 15:07:53 --> Severity: Warning --> include(): Failed opening 'C:\noSync\Sites\php\2023\Dr-systems\Drsystems-APP\application\views\errors\html\error_404.php' for inclusion (include_path='C:\xampp\php\PEAR') C:\noSync\Sites\php\2023\Dr-systems\Drsystems-APP\system\core\Exceptions.php 184
ERROR - 2023-08-29 15:07:57 --> 404 Page Not Found: User/log_in
ERROR - 2023-08-29 15:07:57 --> Severity: Warning --> include(C:\noSync\Sites\php\2023\Dr-systems\Drsystems-APP\application\views\errors\html\error_404.php): Failed to open stream: No such file or directory C:\noSync\Sites\php\2023\Dr-systems\Drsystems-APP\system\core\Exceptions.php 184
ERROR - 2023-08-29 15:07:57 --> Severity: Warning --> include(): Failed opening 'C:\noSync\Sites\php\2023\Dr-systems\Drsystems-APP\application\views\errors\html\error_404.php' for inclusion (include_path='C:\xampp\php\PEAR') C:\noSync\Sites\php\2023\Dr-systems\Drsystems-APP\system\core\Exceptions.php 184
ERROR - 2023-08-29 15:07:57 --> 404 Page Not Found: User/log_in
ERROR - 2023-08-29 15:07:57 --> Severity: Warning --> include(C:\noSync\Sites\php\2023\Dr-systems\Drsystems-APP\application\views\errors\html\error_404.php): Failed to open stream: No such file or directory C:\noSync\Sites\php\2023\Dr-systems\Drsystems-APP\system\core\Exceptions.php 184
ERROR - 2023-08-29 15:07:57 --> Severity: Warning --> include(): Failed opening 'C:\noSync\Sites\php\2023\Dr-systems\Drsystems-APP\application\views\errors\html\error_404.php' for inclusion (include_path='C:\xampp\php\PEAR') C:\noSync\Sites\php\2023\Dr-systems\Drsystems-APP\system\core\Exceptions.php 184
ERROR - 2023-08-29 15:07:57 --> 404 Page Not Found: User/log_in
ERROR - 2023-08-29 15:07:57 --> Severity: Warning --> include(C:\noSync\Sites\php\2023\Dr-systems\Drsystems-APP\application\views\errors\html\error_404.php): Failed to open stream: No such file or directory C:\noSync\Sites\php\2023\Dr-systems\Drsystems-APP\system\core\Exceptions.php 184
ERROR - 2023-08-29 15:07:57 --> Severity: Warning --> include(): Failed opening 'C:\noSync\Sites\php\2023\Dr-systems\Drsystems-APP\application\views\errors\html\error_404.php' for inclusion (include_path='C:\xampp\php\PEAR') C:\noSync\Sites\php\2023\Dr-systems\Drsystems-APP\system\core\Exceptions.php 184
ERROR - 2023-08-29 15:10:15 --> 404 Page Not Found: User/log_in
ERROR - 2023-08-29 15:10:15 --> Severity: Warning --> include(C:\noSync\Sites\php\2023\Dr-systems\Drsystems-APP\application\views\errors\html\error_404.php): Failed to open stream: No such file or directory C:\noSync\Sites\php\2023\Dr-systems\Drsystems-APP\system\core\Exceptions.php 184
ERROR - 2023-08-29 15:10:15 --> Severity: Warning --> include(): Failed opening 'C:\noSync\Sites\php\2023\Dr-systems\Drsystems-APP\application\views\errors\html\error_404.php' for inclusion (include_path='C:\xampp\php\PEAR') C:\noSync\Sites\php\2023\Dr-systems\Drsystems-APP\system\core\Exceptions.php 184
ERROR - 2023-08-29 15:10:15 --> 404 Page Not Found: User/log_in
ERROR - 2023-08-29 15:10:15 --> Severity: Warning --> include(C:\noSync\Sites\php\2023\Dr-systems\Drsystems-APP\application\views\errors\html\error_404.php): Failed to open stream: No such file or directory C:\noSync\Sites\php\2023\Dr-systems\Drsystems-APP\system\core\Exceptions.php 184
ERROR - 2023-08-29 15:10:15 --> Severity: Warning --> include(): Failed opening 'C:\noSync\Sites\php\2023\Dr-systems\Drsystems-APP\application\views\errors\html\error_404.php' for inclusion (include_path='C:\xampp\php\PEAR') C:\noSync\Sites\php\2023\Dr-systems\Drsystems-APP\system\core\Exceptions.php 184
ERROR - 2023-08-29 15:10:20 --> 404 Page Not Found: User/log_in
ERROR - 2023-08-29 15:10:20 --> Severity: Warning --> include(C:\noSync\Sites\php\2023\Dr-systems\Drsystems-APP\application\views\errors\html\error_404.php): Failed to open stream: No such file or directory C:\noSync\Sites\php\2023\Dr-systems\Drsystems-APP\system\core\Exceptions.php 184
ERROR - 2023-08-29 15:10:20 --> Severity: Warning --> include(): Failed opening 'C:\noSync\Sites\php\2023\Dr-systems\Drsystems-APP\application\views\errors\html\error_404.php' for inclusion (include_path='C:\xampp\php\PEAR') C:\noSync\Sites\php\2023\Dr-systems\Drsystems-APP\system\core\Exceptions.php 184
ERROR - 2023-08-29 15:10:26 --> 404 Page Not Found: User/log_in
ERROR - 2023-08-29 15:10:26 --> Severity: Warning --> include(C:\noSync\Sites\php\2023\Dr-systems\Drsystems-APP\application\views\errors\html\error_404.php): Failed to open stream: No such file or directory C:\noSync\Sites\php\2023\Dr-systems\Drsystems-APP\system\core\Exceptions.php 184
ERROR - 2023-08-29 15:10:26 --> Severity: Warning --> include(): Failed opening 'C:\noSync\Sites\php\2023\Dr-systems\Drsystems-APP\application\views\errors\html\error_404.php' for inclusion (include_path='C:\xampp\php\PEAR') C:\noSync\Sites\php\2023\Dr-systems\Drsystems-APP\system\core\Exceptions.php 184
ERROR - 2023-08-29 15:10:27 --> 404 Page Not Found: User/log_in
ERROR - 2023-08-29 15:10:27 --> Severity: Warning --> include(C:\noSync\Sites\php\2023\Dr-systems\Drsystems-APP\application\views\errors\html\error_404.php): Failed to open stream: No such file or directory C:\noSync\Sites\php\2023\Dr-systems\Drsystems-APP\system\core\Exceptions.php 184
ERROR - 2023-08-29 15:10:27 --> Severity: Warning --> include(): Failed opening 'C:\noSync\Sites\php\2023\Dr-systems\Drsystems-APP\application\views\errors\html\error_404.php' for inclusion (include_path='C:\xampp\php\PEAR') C:\noSync\Sites\php\2023\Dr-systems\Drsystems-APP\system\core\Exceptions.php 184
ERROR - 2023-08-29 15:10:27 --> 404 Page Not Found: User/log_in
ERROR - 2023-08-29 15:10:27 --> Severity: Warning --> include(C:\noSync\Sites\php\2023\Dr-systems\Drsystems-APP\application\views\errors\html\error_404.php): Failed to open stream: No such file or directory C:\noSync\Sites\php\2023\Dr-systems\Drsystems-APP\system\core\Exceptions.php 184
ERROR - 2023-08-29 15:10:27 --> Severity: Warning --> include(): Failed opening 'C:\noSync\Sites\php\2023\Dr-systems\Drsystems-APP\application\views\errors\html\error_404.php' for inclusion (include_path='C:\xampp\php\PEAR') C:\noSync\Sites\php\2023\Dr-systems\Drsystems-APP\system\core\Exceptions.php 184
ERROR - 2023-08-29 15:10:43 --> 404 Page Not Found: User/log_in
ERROR - 2023-08-29 15:10:43 --> Severity: Warning --> include(C:\noSync\Sites\php\2023\Dr-systems\Drsystems-APP\application\views\errors\html\error_404.php): Failed to open stream: No such file or directory C:\noSync\Sites\php\2023\Dr-systems\Drsystems-APP\system\core\Exceptions.php 184
ERROR - 2023-08-29 15:10:43 --> Severity: Warning --> include(): Failed opening 'C:\noSync\Sites\php\2023\Dr-systems\Drsystems-APP\application\views\errors\html\error_404.php' for inclusion (include_path='C:\xampp\php\PEAR') C:\noSync\Sites\php\2023\Dr-systems\Drsystems-APP\system\core\Exceptions.php 184
ERROR - 2023-08-29 15:10:51 --> Severity: Warning --> mysqli::real_connect(): Error while reading greeting packet. PID=15708 C:\noSync\Sites\php\2023\Dr-systems\Drsystems-APP\system\database\drivers\mysqli\mysqli_driver.php 201
ERROR - 2023-08-29 15:10:51 --> Severity: error --> Exception: MySQL server has gone away C:\noSync\Sites\php\2023\Dr-systems\Drsystems-APP\system\database\drivers\mysqli\mysqli_driver.php 201
ERROR - 2023-08-29 15:10:51 --> Severity: Warning --> include(C:\noSync\Sites\php\2023\Dr-systems\Drsystems-APP\application\views\errors\html\error_exception.php): Failed to open stream: No such file or directory C:\noSync\Sites\php\2023\Dr-systems\Drsystems-APP\system\core\Exceptions.php 221
ERROR - 2023-08-29 15:10:51 --> Severity: Warning --> include(): Failed opening 'C:\noSync\Sites\php\2023\Dr-systems\Drsystems-APP\application\views\errors\html\error_exception.php' for inclusion (include_path='C:\xampp\php\PEAR') C:\noSync\Sites\php\2023\Dr-systems\Drsystems-APP\system\core\Exceptions.php 221
ERROR - 2023-08-29 15:10:59 --> 404 Page Not Found: User/log_in
ERROR - 2023-08-29 15:10:59 --> Severity: Warning --> include(C:\noSync\Sites\php\2023\Dr-systems\Drsystems-APP\application\views\errors\html\error_404.php): Failed to open stream: No such file or directory C:\noSync\Sites\php\2023\Dr-systems\Drsystems-APP\system\core\Exceptions.php 184
ERROR - 2023-08-29 15:10:59 --> Severity: Warning --> include(): Failed opening 'C:\noSync\Sites\php\2023\Dr-systems\Drsystems-APP\application\views\errors\html\error_404.php' for inclusion (include_path='C:\xampp\php\PEAR') C:\noSync\Sites\php\2023\Dr-systems\Drsystems-APP\system\core\Exceptions.php 184
ERROR - 2023-08-29 15:13:04 --> 404 Page Not Found: User/log_in
ERROR - 2023-08-29 15:13:04 --> Severity: Warning --> include(C:\noSync\Sites\php\2023\Dr-systems\Drsystems-APP\application\views\errors\html\error_404.php): Failed to open stream: No such file or directory C:\noSync\Sites\php\2023\Dr-systems\Drsystems-APP\system\core\Exceptions.php 184
ERROR - 2023-08-29 15:13:04 --> Severity: Warning --> include(): Failed opening 'C:\noSync\Sites\php\2023\Dr-systems\Drsystems-APP\application\views\errors\html\error_404.php' for inclusion (include_path='C:\xampp\php\PEAR') C:\noSync\Sites\php\2023\Dr-systems\Drsystems-APP\system\core\Exceptions.php 184
ERROR - 2023-08-29 15:13:07 --> 404 Page Not Found: User/log_in
ERROR - 2023-08-29 15:13:07 --> Severity: Warning --> include(C:\noSync\Sites\php\2023\Dr-systems\Drsystems-APP\application\views\errors\html\error_404.php): Failed to open stream: No such file or directory C:\noSync\Sites\php\2023\Dr-systems\Drsystems-APP\system\core\Exceptions.php 184
ERROR - 2023-08-29 15:13:07 --> Severity: Warning --> include(): Failed opening 'C:\noSync\Sites\php\2023\Dr-systems\Drsystems-APP\application\views\errors\html\error_404.php' for inclusion (include_path='C:\xampp\php\PEAR') C:\noSync\Sites\php\2023\Dr-systems\Drsystems-APP\system\core\Exceptions.php 184
ERROR - 2023-08-29 15:13:10 --> 404 Page Not Found: User/log_in
ERROR - 2023-08-29 15:13:10 --> Severity: Warning --> include(C:\noSync\Sites\php\2023\Dr-systems\Drsystems-APP\application\views\errors\html\error_404.php): Failed to open stream: No such file or directory C:\noSync\Sites\php\2023\Dr-systems\Drsystems-APP\system\core\Exceptions.php 184
ERROR - 2023-08-29 15:13:10 --> Severity: Warning --> include(): Failed opening 'C:\noSync\Sites\php\2023\Dr-systems\Drsystems-APP\application\views\errors\html\error_404.php' for inclusion (include_path='C:\xampp\php\PEAR') C:\noSync\Sites\php\2023\Dr-systems\Drsystems-APP\system\core\Exceptions.php 184
ERROR - 2023-08-29 15:13:26 --> Severity: Warning --> mysqli::real_connect(): Error while reading greeting packet. PID=15708 C:\noSync\Sites\php\2023\Dr-systems\Drsystems-APP\system\database\drivers\mysqli\mysqli_driver.php 201
ERROR - 2023-08-29 15:13:26 --> Severity: error --> Exception: MySQL server has gone away C:\noSync\Sites\php\2023\Dr-systems\Drsystems-APP\system\database\drivers\mysqli\mysqli_driver.php 201
ERROR - 2023-08-29 15:13:26 --> Severity: Warning --> include(C:\noSync\Sites\php\2023\Dr-systems\Drsystems-APP\application\views\errors\html\error_exception.php): Failed to open stream: No such file or directory C:\noSync\Sites\php\2023\Dr-systems\Drsystems-APP\system\core\Exceptions.php 221
ERROR - 2023-08-29 15:13:26 --> Severity: Warning --> include(): Failed opening 'C:\noSync\Sites\php\2023\Dr-systems\Drsystems-APP\application\views\errors\html\error_exception.php' for inclusion (include_path='C:\xampp\php\PEAR') C:\noSync\Sites\php\2023\Dr-systems\Drsystems-APP\system\core\Exceptions.php 221
ERROR - 2023-08-29 15:14:24 --> 404 Page Not Found: User/log_in
ERROR - 2023-08-29 15:14:24 --> Severity: Warning --> include(C:\noSync\Sites\php\2023\Dr-systems\Drsystems-APP\application\views\errors\html\error_404.php): Failed to open stream: No such file or directory C:\noSync\Sites\php\2023\Dr-systems\Drsystems-APP\system\core\Exceptions.php 184
ERROR - 2023-08-29 15:14:24 --> Severity: Warning --> include(): Failed opening 'C:\noSync\Sites\php\2023\Dr-systems\Drsystems-APP\application\views\errors\html\error_404.php' for inclusion (include_path='C:\xampp\php\PEAR') C:\noSync\Sites\php\2023\Dr-systems\Drsystems-APP\system\core\Exceptions.php 184
ERROR - 2023-08-29 15:14:26 --> 404 Page Not Found: User/log_in
ERROR - 2023-08-29 15:14:26 --> Severity: Warning --> include(C:\noSync\Sites\php\2023\Dr-systems\Drsystems-APP\application\views\errors\html\error_404.php): Failed to open stream: No such file or directory C:\noSync\Sites\php\2023\Dr-systems\Drsystems-APP\system\core\Exceptions.php 184
ERROR - 2023-08-29 15:14:26 --> Severity: Warning --> include(): Failed opening 'C:\noSync\Sites\php\2023\Dr-systems\Drsystems-APP\application\views\errors\html\error_404.php' for inclusion (include_path='C:\xampp\php\PEAR') C:\noSync\Sites\php\2023\Dr-systems\Drsystems-APP\system\core\Exceptions.php 184
ERROR - 2023-08-29 15:14:28 --> 404 Page Not Found: User/log_in
ERROR - 2023-08-29 15:14:28 --> Severity: Warning --> include(C:\noSync\Sites\php\2023\Dr-systems\Drsystems-APP\application\views\errors\html\error_404.php): Failed to open stream: No such file or directory C:\noSync\Sites\php\2023\Dr-systems\Drsystems-APP\system\core\Exceptions.php 184
ERROR - 2023-08-29 15:14:28 --> Severity: Warning --> include(): Failed opening 'C:\noSync\Sites\php\2023\Dr-systems\Drsystems-APP\application\views\errors\html\error_404.php' for inclusion (include_path='C:\xampp\php\PEAR') C:\noSync\Sites\php\2023\Dr-systems\Drsystems-APP\system\core\Exceptions.php 184
ERROR - 2023-08-29 15:14:36 --> Severity: Warning --> mysqli::real_connect(): Error while reading greeting packet. PID=15708 C:\noSync\Sites\php\2023\Dr-systems\Drsystems-APP\system\database\drivers\mysqli\mysqli_driver.php 201
ERROR - 2023-08-29 15:14:36 --> Severity: error --> Exception: MySQL server has gone away C:\noSync\Sites\php\2023\Dr-systems\Drsystems-APP\system\database\drivers\mysqli\mysqli_driver.php 201
ERROR - 2023-08-29 15:14:36 --> Severity: Warning --> include(C:\noSync\Sites\php\2023\Dr-systems\Drsystems-APP\application\views\errors\html\error_exception.php): Failed to open stream: No such file or directory C:\noSync\Sites\php\2023\Dr-systems\Drsystems-APP\system\core\Exceptions.php 221
ERROR - 2023-08-29 15:14:36 --> Severity: Warning --> include(): Failed opening 'C:\noSync\Sites\php\2023\Dr-systems\Drsystems-APP\application\views\errors\html\error_exception.php' for inclusion (include_path='C:\xampp\php\PEAR') C:\noSync\Sites\php\2023\Dr-systems\Drsystems-APP\system\core\Exceptions.php 221
ERROR - 2023-08-29 15:14:39 --> Severity: error --> Exception: syntax error, unexpected double-quoted string " method=" C:\noSync\Sites\php\2023\Dr-systems\Drsystems-APP\application\views\login\sign-in.php 64
ERROR - 2023-08-29 15:14:39 --> Severity: Warning --> include(C:\noSync\Sites\php\2023\Dr-systems\Drsystems-APP\application\views\errors\html\error_exception.php): Failed to open stream: No such file or directory C:\noSync\Sites\php\2023\Dr-systems\Drsystems-APP\system\core\Exceptions.php 221
ERROR - 2023-08-29 15:14:39 --> Severity: Warning --> include(): Failed opening 'C:\noSync\Sites\php\2023\Dr-systems\Drsystems-APP\application\views\errors\html\error_exception.php' for inclusion (include_path='C:\xampp\php\PEAR') C:\noSync\Sites\php\2023\Dr-systems\Drsystems-APP\system\core\Exceptions.php 221
ERROR - 2023-08-29 15:14:41 --> Severity: error --> Exception: syntax error, unexpected double-quoted string " method=" C:\noSync\Sites\php\2023\Dr-systems\Drsystems-APP\application\views\login\sign-in.php 64
ERROR - 2023-08-29 15:14:41 --> Severity: Warning --> include(C:\noSync\Sites\php\2023\Dr-systems\Drsystems-APP\application\views\errors\html\error_exception.php): Failed to open stream: No such file or directory C:\noSync\Sites\php\2023\Dr-systems\Drsystems-APP\system\core\Exceptions.php 221
ERROR - 2023-08-29 15:14:41 --> Severity: Warning --> include(): Failed opening 'C:\noSync\Sites\php\2023\Dr-systems\Drsystems-APP\application\views\errors\html\error_exception.php' for inclusion (include_path='C:\xampp\php\PEAR') C:\noSync\Sites\php\2023\Dr-systems\Drsystems-APP\system\core\Exceptions.php 221
ERROR - 2023-08-29 15:14:46 --> Severity: error --> Exception: syntax error, unexpected double-quoted string " method=" C:\noSync\Sites\php\2023\Dr-systems\Drsystems-APP\application\views\login\sign-in.php 64
ERROR - 2023-08-29 15:14:46 --> Severity: Warning --> include(C:\noSync\Sites\php\2023\Dr-systems\Drsystems-APP\application\views\errors\html\error_exception.php): Failed to open stream: No such file or directory C:\noSync\Sites\php\2023\Dr-systems\Drsystems-APP\system\core\Exceptions.php 221
ERROR - 2023-08-29 15:14:46 --> Severity: Warning --> include(): Failed opening 'C:\noSync\Sites\php\2023\Dr-systems\Drsystems-APP\application\views\errors\html\error_exception.php' for inclusion (include_path='C:\xampp\php\PEAR') C:\noSync\Sites\php\2023\Dr-systems\Drsystems-APP\system\core\Exceptions.php 221
ERROR - 2023-08-29 15:14:50 --> Severity: error --> Exception: syntax error, unexpected double-quoted string " method=" C:\noSync\Sites\php\2023\Dr-systems\Drsystems-APP\application\views\login\sign-in.php 64
ERROR - 2023-08-29 15:14:50 --> Severity: Warning --> include(C:\noSync\Sites\php\2023\Dr-systems\Drsystems-APP\application\views\errors\html\error_exception.php): Failed to open stream: No such file or directory C:\noSync\Sites\php\2023\Dr-systems\Drsystems-APP\system\core\Exceptions.php 221
ERROR - 2023-08-29 15:14:50 --> Severity: Warning --> include(): Failed opening 'C:\noSync\Sites\php\2023\Dr-systems\Drsystems-APP\application\views\errors\html\error_exception.php' for inclusion (include_path='C:\xampp\php\PEAR') C:\noSync\Sites\php\2023\Dr-systems\Drsystems-APP\system\core\Exceptions.php 221
ERROR - 2023-08-29 15:14:59 --> Severity: error --> Exception: syntax error, unexpected double-quoted string " method=" C:\noSync\Sites\php\2023\Dr-systems\Drsystems-APP\application\views\login\sign-in.php 64
ERROR - 2023-08-29 15:14:59 --> Severity: Warning --> include(C:\noSync\Sites\php\2023\Dr-systems\Drsystems-APP\application\views\errors\html\error_exception.php): Failed to open stream: No such file or directory C:\noSync\Sites\php\2023\Dr-systems\Drsystems-APP\system\core\Exceptions.php 221
ERROR - 2023-08-29 15:14:59 --> Severity: Warning --> include(): Failed opening 'C:\noSync\Sites\php\2023\Dr-systems\Drsystems-APP\application\views\errors\html\error_exception.php' for inclusion (include_path='C:\xampp\php\PEAR') C:\noSync\Sites\php\2023\Dr-systems\Drsystems-APP\system\core\Exceptions.php 221
ERROR - 2023-08-29 15:15:01 --> Severity: error --> Exception: syntax error, unexpected double-quoted string " method=" C:\noSync\Sites\php\2023\Dr-systems\Drsystems-APP\application\views\login\sign-in.php 64
ERROR - 2023-08-29 15:15:01 --> Severity: Warning --> include(C:\noSync\Sites\php\2023\Dr-systems\Drsystems-APP\application\views\errors\html\error_exception.php): Failed to open stream: No such file or directory C:\noSync\Sites\php\2023\Dr-systems\Drsystems-APP\system\core\Exceptions.php 221
ERROR - 2023-08-29 15:15:01 --> Severity: Warning --> include(): Failed opening 'C:\noSync\Sites\php\2023\Dr-systems\Drsystems-APP\application\views\errors\html\error_exception.php' for inclusion (include_path='C:\xampp\php\PEAR') C:\noSync\Sites\php\2023\Dr-systems\Drsystems-APP\system\core\Exceptions.php 221
ERROR - 2023-08-29 15:15:11 --> Severity: error --> Exception: syntax error, unexpected double-quoted string " method=" C:\noSync\Sites\php\2023\Dr-systems\Drsystems-APP\application\views\login\sign-in.php 64
ERROR - 2023-08-29 15:15:11 --> Severity: Warning --> include(C:\noSync\Sites\php\2023\Dr-systems\Drsystems-APP\application\views\errors\html\error_exception.php): Failed to open stream: No such file or directory C:\noSync\Sites\php\2023\Dr-systems\Drsystems-APP\system\core\Exceptions.php 221
ERROR - 2023-08-29 15:15:11 --> Severity: Warning --> include(): Failed opening 'C:\noSync\Sites\php\2023\Dr-systems\Drsystems-APP\application\views\errors\html\error_exception.php' for inclusion (include_path='C:\xampp\php\PEAR') C:\noSync\Sites\php\2023\Dr-systems\Drsystems-APP\system\core\Exceptions.php 221
ERROR - 2023-08-29 15:15:11 --> Severity: error --> Exception: syntax error, unexpected double-quoted string " method=" C:\noSync\Sites\php\2023\Dr-systems\Drsystems-APP\application\views\login\sign-in.php 64
ERROR - 2023-08-29 15:15:11 --> Severity: Warning --> include(C:\noSync\Sites\php\2023\Dr-systems\Drsystems-APP\application\views\errors\html\error_exception.php): Failed to open stream: No such file or directory C:\noSync\Sites\php\2023\Dr-systems\Drsystems-APP\system\core\Exceptions.php 221
ERROR - 2023-08-29 15:15:11 --> Severity: Warning --> include(): Failed opening 'C:\noSync\Sites\php\2023\Dr-systems\Drsystems-APP\application\views\errors\html\error_exception.php' for inclusion (include_path='C:\xampp\php\PEAR') C:\noSync\Sites\php\2023\Dr-systems\Drsystems-APP\system\core\Exceptions.php 221
ERROR - 2023-08-29 15:15:20 --> Severity: error --> Exception: syntax error, unexpected double-quoted string " method=" C:\noSync\Sites\php\2023\Dr-systems\Drsystems-APP\application\views\login\sign-in.php 64
ERROR - 2023-08-29 15:15:20 --> Severity: Warning --> include(C:\noSync\Sites\php\2023\Dr-systems\Drsystems-APP\application\views\errors\html\error_exception.php): Failed to open stream: No such file or directory C:\noSync\Sites\php\2023\Dr-systems\Drsystems-APP\system\core\Exceptions.php 221
ERROR - 2023-08-29 15:15:20 --> Severity: Warning --> include(): Failed opening 'C:\noSync\Sites\php\2023\Dr-systems\Drsystems-APP\application\views\errors\html\error_exception.php' for inclusion (include_path='C:\xampp\php\PEAR') C:\noSync\Sites\php\2023\Dr-systems\Drsystems-APP\system\core\Exceptions.php 221
ERROR - 2023-08-29 15:15:24 --> Severity: error --> Exception: syntax error, unexpected double-quoted string " method=" C:\noSync\Sites\php\2023\Dr-systems\Drsystems-APP\application\views\login\sign-in.php 64
ERROR - 2023-08-29 15:15:24 --> Severity: Warning --> include(C:\noSync\Sites\php\2023\Dr-systems\Drsystems-APP\application\views\errors\html\error_exception.php): Failed to open stream: No such file or directory C:\noSync\Sites\php\2023\Dr-systems\Drsystems-APP\system\core\Exceptions.php 221
ERROR - 2023-08-29 15:15:24 --> Severity: Warning --> include(): Failed opening 'C:\noSync\Sites\php\2023\Dr-systems\Drsystems-APP\application\views\errors\html\error_exception.php' for inclusion (include_path='C:\xampp\php\PEAR') C:\noSync\Sites\php\2023\Dr-systems\Drsystems-APP\system\core\Exceptions.php 221
ERROR - 2023-08-29 15:15:28 --> Severity: error --> Exception: syntax error, unexpected double-quoted string " method=" C:\noSync\Sites\php\2023\Dr-systems\Drsystems-APP\application\views\login\sign-in.php 64
ERROR - 2023-08-29 15:15:28 --> Severity: Warning --> include(C:\noSync\Sites\php\2023\Dr-systems\Drsystems-APP\application\views\errors\html\error_exception.php): Failed to open stream: No such file or directory C:\noSync\Sites\php\2023\Dr-systems\Drsystems-APP\system\core\Exceptions.php 221
ERROR - 2023-08-29 15:15:28 --> Severity: Warning --> include(): Failed opening 'C:\noSync\Sites\php\2023\Dr-systems\Drsystems-APP\application\views\errors\html\error_exception.php' for inclusion (include_path='C:\xampp\php\PEAR') C:\noSync\Sites\php\2023\Dr-systems\Drsystems-APP\system\core\Exceptions.php 221
ERROR - 2023-08-29 15:16:17 --> Severity: error --> Exception: syntax error, unexpected double-quoted string " method=" C:\noSync\Sites\php\2023\Dr-systems\Drsystems-APP\application\views\login\sign-in.php 64
ERROR - 2023-08-29 15:16:17 --> Severity: Warning --> include(C:\noSync\Sites\php\2023\Dr-systems\Drsystems-APP\application\views\errors\html\error_exception.php): Failed to open stream: No such file or directory C:\noSync\Sites\php\2023\Dr-systems\Drsystems-APP\system\core\Exceptions.php 221
ERROR - 2023-08-29 15:16:17 --> Severity: Warning --> include(): Failed opening 'C:\noSync\Sites\php\2023\Dr-systems\Drsystems-APP\application\views\errors\html\error_exception.php' for inclusion (include_path='C:\xampp\php\PEAR') C:\noSync\Sites\php\2023\Dr-systems\Drsystems-APP\system\core\Exceptions.php 221
ERROR - 2023-08-29 15:16:23 --> Severity: error --> Exception: syntax error, unexpected double-quoted string " method=" C:\noSync\Sites\php\2023\Dr-systems\Drsystems-APP\application\views\login\sign-in.php 64
ERROR - 2023-08-29 15:16:23 --> Severity: Warning --> include(C:\noSync\Sites\php\2023\Dr-systems\Drsystems-APP\application\views\errors\html\error_exception.php): Failed to open stream: No such file or directory C:\noSync\Sites\php\2023\Dr-systems\Drsystems-APP\system\core\Exceptions.php 221
ERROR - 2023-08-29 15:16:23 --> Severity: Warning --> include(): Failed opening 'C:\noSync\Sites\php\2023\Dr-systems\Drsystems-APP\application\views\errors\html\error_exception.php' for inclusion (include_path='C:\xampp\php\PEAR') C:\noSync\Sites\php\2023\Dr-systems\Drsystems-APP\system\core\Exceptions.php 221
ERROR - 2023-08-29 15:16:26 --> Severity: error --> Exception: syntax error, unexpected double-quoted string " method=" C:\noSync\Sites\php\2023\Dr-systems\Drsystems-APP\application\views\login\sign-in.php 64
ERROR - 2023-08-29 15:16:26 --> Severity: Warning --> include(C:\noSync\Sites\php\2023\Dr-systems\Drsystems-APP\application\views\errors\html\error_exception.php): Failed to open stream: No such file or directory C:\noSync\Sites\php\2023\Dr-systems\Drsystems-APP\system\core\Exceptions.php 221
ERROR - 2023-08-29 15:16:26 --> Severity: Warning --> include(): Failed opening 'C:\noSync\Sites\php\2023\Dr-systems\Drsystems-APP\application\views\errors\html\error_exception.php' for inclusion (include_path='C:\xampp\php\PEAR') C:\noSync\Sites\php\2023\Dr-systems\Drsystems-APP\system\core\Exceptions.php 221
ERROR - 2023-08-29 15:16:55 --> Severity: error --> Exception: syntax error, unexpected double-quoted string " method=" C:\noSync\Sites\php\2023\Dr-systems\Drsystems-APP\application\views\login\sign-in.php 64
ERROR - 2023-08-29 15:16:55 --> Severity: Warning --> include(C:\noSync\Sites\php\2023\Dr-systems\Drsystems-APP\application\views\errors\html\error_exception.php): Failed to open stream: No such file or directory C:\noSync\Sites\php\2023\Dr-systems\Drsystems-APP\system\core\Exceptions.php 221
ERROR - 2023-08-29 15:16:55 --> Severity: Warning --> include(): Failed opening 'C:\noSync\Sites\php\2023\Dr-systems\Drsystems-APP\application\views\errors\html\error_exception.php' for inclusion (include_path='C:\xampp\php\PEAR') C:\noSync\Sites\php\2023\Dr-systems\Drsystems-APP\system\core\Exceptions.php 221
ERROR - 2023-08-29 15:16:57 --> Severity: error --> Exception: syntax error, unexpected double-quoted string " method=" C:\noSync\Sites\php\2023\Dr-systems\Drsystems-APP\application\views\login\sign-in.php 64
ERROR - 2023-08-29 15:16:57 --> Severity: Warning --> include(C:\noSync\Sites\php\2023\Dr-systems\Drsystems-APP\application\views\errors\html\error_exception.php): Failed to open stream: No such file or directory C:\noSync\Sites\php\2023\Dr-systems\Drsystems-APP\system\core\Exceptions.php 221
ERROR - 2023-08-29 15:16:57 --> Severity: Warning --> include(): Failed opening 'C:\noSync\Sites\php\2023\Dr-systems\Drsystems-APP\application\views\errors\html\error_exception.php' for inclusion (include_path='C:\xampp\php\PEAR') C:\noSync\Sites\php\2023\Dr-systems\Drsystems-APP\system\core\Exceptions.php 221
ERROR - 2023-08-29 15:16:57 --> Severity: error --> Exception: syntax error, unexpected double-quoted string " method=" C:\noSync\Sites\php\2023\Dr-systems\Drsystems-APP\application\views\login\sign-in.php 64
ERROR - 2023-08-29 15:16:57 --> Severity: Warning --> include(C:\noSync\Sites\php\2023\Dr-systems\Drsystems-APP\application\views\errors\html\error_exception.php): Failed to open stream: No such file or directory C:\noSync\Sites\php\2023\Dr-systems\Drsystems-APP\system\core\Exceptions.php 221
ERROR - 2023-08-29 15:16:57 --> Severity: Warning --> include(): Failed opening 'C:\noSync\Sites\php\2023\Dr-systems\Drsystems-APP\application\views\errors\html\error_exception.php' for inclusion (include_path='C:\xampp\php\PEAR') C:\noSync\Sites\php\2023\Dr-systems\Drsystems-APP\system\core\Exceptions.php 221
ERROR - 2023-08-29 15:17:09 --> Severity: error --> Exception: syntax error, unexpected double-quoted string " method=" C:\noSync\Sites\php\2023\Dr-systems\Drsystems-APP\application\views\login\sign-in.php 64
ERROR - 2023-08-29 15:17:09 --> Severity: Warning --> include(C:\noSync\Sites\php\2023\Dr-systems\Drsystems-APP\application\views\errors\html\error_exception.php): Failed to open stream: No such file or directory C:\noSync\Sites\php\2023\Dr-systems\Drsystems-APP\system\core\Exceptions.php 221
ERROR - 2023-08-29 15:17:09 --> Severity: Warning --> include(): Failed opening 'C:\noSync\Sites\php\2023\Dr-systems\Drsystems-APP\application\views\errors\html\error_exception.php' for inclusion (include_path='C:\xampp\php\PEAR') C:\noSync\Sites\php\2023\Dr-systems\Drsystems-APP\system\core\Exceptions.php 221
ERROR - 2023-08-29 15:17:57 --> Severity: error --> Exception: syntax error, unexpected double-quoted string " method=" C:\noSync\Sites\php\2023\Dr-systems\Drsystems-APP\application\views\login\sign-in.php 64
ERROR - 2023-08-29 15:17:57 --> Severity: Warning --> include(C:\noSync\Sites\php\2023\Dr-systems\Drsystems-APP\application\views\errors\html\error_exception.php): Failed to open stream: No such file or directory C:\noSync\Sites\php\2023\Dr-systems\Drsystems-APP\system\core\Exceptions.php 221
ERROR - 2023-08-29 15:17:57 --> Severity: Warning --> include(): Failed opening 'C:\noSync\Sites\php\2023\Dr-systems\Drsystems-APP\application\views\errors\html\error_exception.php' for inclusion (include_path='C:\xampp\php\PEAR') C:\noSync\Sites\php\2023\Dr-systems\Drsystems-APP\system\core\Exceptions.php 221
ERROR - 2023-08-29 15:17:57 --> Severity: error --> Exception: syntax error, unexpected double-quoted string " method=" C:\noSync\Sites\php\2023\Dr-systems\Drsystems-APP\application\views\login\sign-in.php 64
ERROR - 2023-08-29 15:17:57 --> Severity: Warning --> include(C:\noSync\Sites\php\2023\Dr-systems\Drsystems-APP\application\views\errors\html\error_exception.php): Failed to open stream: No such file or directory C:\noSync\Sites\php\2023\Dr-systems\Drsystems-APP\system\core\Exceptions.php 221
ERROR - 2023-08-29 15:17:57 --> Severity: Warning --> include(): Failed opening 'C:\noSync\Sites\php\2023\Dr-systems\Drsystems-APP\application\views\errors\html\error_exception.php' for inclusion (include_path='C:\xampp\php\PEAR') C:\noSync\Sites\php\2023\Dr-systems\Drsystems-APP\system\core\Exceptions.php 221
ERROR - 2023-08-29 15:19:43 --> Severity: Warning --> mysqli::real_connect(): Error while reading greeting packet. PID=15708 C:\noSync\Sites\php\2023\Dr-systems\Drsystems-APP\system\database\drivers\mysqli\mysqli_driver.php 201
ERROR - 2023-08-29 15:19:43 --> Severity: error --> Exception: MySQL server has gone away C:\noSync\Sites\php\2023\Dr-systems\Drsystems-APP\system\database\drivers\mysqli\mysqli_driver.php 201
ERROR - 2023-08-29 15:19:43 --> Severity: Warning --> include(C:\noSync\Sites\php\2023\Dr-systems\Drsystems-APP\application\views\errors\html\error_exception.php): Failed to open stream: No such file or directory C:\noSync\Sites\php\2023\Dr-systems\Drsystems-APP\system\core\Exceptions.php 221
ERROR - 2023-08-29 15:19:43 --> Severity: Warning --> include(): Failed opening 'C:\noSync\Sites\php\2023\Dr-systems\Drsystems-APP\application\views\errors\html\error_exception.php' for inclusion (include_path='C:\xampp\php\PEAR') C:\noSync\Sites\php\2023\Dr-systems\Drsystems-APP\system\core\Exceptions.php 221
ERROR - 2023-08-29 15:30:58 --> Severity: Warning --> mysqli::real_connect(): Error while reading greeting packet. PID=15708 C:\noSync\Sites\php\2023\Dr-systems\Drsystems-APP\system\database\drivers\mysqli\mysqli_driver.php 201
ERROR - 2023-08-29 15:30:58 --> Severity: error --> Exception: MySQL server has gone away C:\noSync\Sites\php\2023\Dr-systems\Drsystems-APP\system\database\drivers\mysqli\mysqli_driver.php 201
ERROR - 2023-08-29 15:30:58 --> Severity: Warning --> include(C:\noSync\Sites\php\2023\Dr-systems\Drsystems-APP\application\views\errors\html\error_exception.php): Failed to open stream: No such file or directory C:\noSync\Sites\php\2023\Dr-systems\Drsystems-APP\system\core\Exceptions.php 221
ERROR - 2023-08-29 15:30:58 --> Severity: Warning --> include(): Failed opening 'C:\noSync\Sites\php\2023\Dr-systems\Drsystems-APP\application\views\errors\html\error_exception.php' for inclusion (include_path='C:\xampp\php\PEAR') C:\noSync\Sites\php\2023\Dr-systems\Drsystems-APP\system\core\Exceptions.php 221
ERROR - 2023-08-29 15:34:12 --> Severity: Warning --> mysqli::real_connect(): Error while reading greeting packet. PID=15708 C:\noSync\Sites\php\2023\Dr-systems\Drsystems-APP\system\database\drivers\mysqli\mysqli_driver.php 201
ERROR - 2023-08-29 15:34:12 --> Severity: error --> Exception: MySQL server has gone away C:\noSync\Sites\php\2023\Dr-systems\Drsystems-APP\system\database\drivers\mysqli\mysqli_driver.php 201
ERROR - 2023-08-29 15:34:12 --> Severity: Warning --> include(C:\noSync\Sites\php\2023\Dr-systems\Drsystems-APP\application\views\errors\html\error_exception.php): Failed to open stream: No such file or directory C:\noSync\Sites\php\2023\Dr-systems\Drsystems-APP\system\core\Exceptions.php 221
ERROR - 2023-08-29 15:34:12 --> Severity: Warning --> include(): Failed opening 'C:\noSync\Sites\php\2023\Dr-systems\Drsystems-APP\application\views\errors\html\error_exception.php' for inclusion (include_path='C:\xampp\php\PEAR') C:\noSync\Sites\php\2023\Dr-systems\Drsystems-APP\system\core\Exceptions.php 221
ERROR - 2023-08-29 15:39:26 --> Severity: Warning --> mysqli::real_connect(): Error while reading greeting packet. PID=15708 C:\noSync\Sites\php\2023\Dr-systems\Drsystems-APP\system\database\drivers\mysqli\mysqli_driver.php 201
ERROR - 2023-08-29 15:39:26 --> Severity: error --> Exception: MySQL server has gone away C:\noSync\Sites\php\2023\Dr-systems\Drsystems-APP\system\database\drivers\mysqli\mysqli_driver.php 201
ERROR - 2023-08-29 15:39:26 --> Severity: Warning --> include(C:\noSync\Sites\php\2023\Dr-systems\Drsystems-APP\application\views\errors\html\error_exception.php): Failed to open stream: No such file or directory C:\noSync\Sites\php\2023\Dr-systems\Drsystems-APP\system\core\Exceptions.php 221
ERROR - 2023-08-29 15:39:26 --> Severity: Warning --> include(): Failed opening 'C:\noSync\Sites\php\2023\Dr-systems\Drsystems-APP\application\views\errors\html\error_exception.php' for inclusion (include_path='C:\xampp\php\PEAR') C:\noSync\Sites\php\2023\Dr-systems\Drsystems-APP\system\core\Exceptions.php 221
ERROR - 2023-08-29 17:33:23 --> 404 Page Not Found: Login/log_
ERROR - 2023-08-29 17:33:23 --> Severity: Warning --> include(C:\noSync\Sites\php\2023\Dr-systems\Drsystems-APP\application\views\errors\html\error_404.php): Failed to open stream: No such file or directory C:\noSync\Sites\php\2023\Dr-systems\Drsystems-APP\system\core\Exceptions.php 184
ERROR - 2023-08-29 17:33:23 --> Severity: Warning --> include(): Failed opening 'C:\noSync\Sites\php\2023\Dr-systems\Drsystems-APP\application\views\errors\html\error_404.php' for inclusion (include_path='C:\xampp\php\PEAR') C:\noSync\Sites\php\2023\Dr-systems\Drsystems-APP\system\core\Exceptions.php 184
