ERROR - 2023-08-30 01:55:51 --> Severity: Warning --> mysqli::real_connect(): Error while reading greeting packet. PID=5420 D:\noSync\Server\php\2023\Dr-systems\Drsystems-APP\system\database\drivers\mysqli\mysqli_driver.php 201
ERROR - 2023-08-30 01:55:51 --> Severity: error --> Exception: MySQL server has gone away D:\noSync\Server\php\2023\Dr-systems\Drsystems-APP\system\database\drivers\mysqli\mysqli_driver.php 201
ERROR - 2023-08-30 01:55:51 --> Severity: Warning --> include(D:\noSync\Server\php\2023\Dr-systems\Drsystems-APP\application\views\errors\html\error_exception.php): Failed to open stream: No such file or directory D:\noSync\Server\php\2023\Dr-systems\Drsystems-APP\system\core\Exceptions.php 221
ERROR - 2023-08-30 01:55:51 --> Severity: Warning --> include(): Failed opening 'D:\noSync\Server\php\2023\Dr-systems\Drsystems-APP\application\views\errors\html\error_exception.php' for inclusion (include_path='C:\xampp\php\PEAR') D:\noSync\Server\php\2023\Dr-systems\Drsystems-APP\system\core\Exceptions.php 221
ERROR - 2023-08-30 03:17:39 --> 404 Page Not Found: Dashboard/index
ERROR - 2023-08-30 03:17:39 --> Severity: Warning --> include(D:\noSync\Server\php\2023\Dr-systems\Drsystems-APP\application\views\errors\html\error_404.php): Failed to open stream: No such file or directory D:\noSync\Server\php\2023\Dr-systems\Drsystems-APP\system\core\Exceptions.php 184
ERROR - 2023-08-30 03:17:39 --> Severity: Warning --> include(): Failed opening 'D:\noSync\Server\php\2023\Dr-systems\Drsystems-APP\application\views\errors\html\error_404.php' for inclusion (include_path='C:\xampp\php\PEAR') D:\noSync\Server\php\2023\Dr-systems\Drsystems-APP\system\core\Exceptions.php 184
ERROR - 2023-08-30 03:17:41 --> 404 Page Not Found: Dashboard/index
ERROR - 2023-08-30 03:17:41 --> Severity: Warning --> include(D:\noSync\Server\php\2023\Dr-systems\Drsystems-APP\application\views\errors\html\error_404.php): Failed to open stream: No such file or directory D:\noSync\Server\php\2023\Dr-systems\Drsystems-APP\system\core\Exceptions.php 184
ERROR - 2023-08-30 03:17:41 --> Severity: Warning --> include(): Failed opening 'D:\noSync\Server\php\2023\Dr-systems\Drsystems-APP\application\views\errors\html\error_404.php' for inclusion (include_path='C:\xampp\php\PEAR') D:\noSync\Server\php\2023\Dr-systems\Drsystems-APP\system\core\Exceptions.php 184
ERROR - 2023-08-30 03:18:50 --> 404 Page Not Found: Login/dashboard
ERROR - 2023-08-30 03:18:50 --> Severity: Warning --> include(D:\noSync\Server\php\2023\Dr-systems\Drsystems-APP\application\views\errors\html\error_404.php): Failed to open stream: No such file or directory D:\noSync\Server\php\2023\Dr-systems\Drsystems-APP\system\core\Exceptions.php 184
ERROR - 2023-08-30 03:18:50 --> Severity: Warning --> include(): Failed opening 'D:\noSync\Server\php\2023\Dr-systems\Drsystems-APP\application\views\errors\html\error_404.php' for inclusion (include_path='C:\xampp\php\PEAR') D:\noSync\Server\php\2023\Dr-systems\Drsystems-APP\system\core\Exceptions.php 184
ERROR - 2023-08-30 03:19:14 --> 404 Page Not Found: Dashboard/index
ERROR - 2023-08-30 03:19:14 --> Severity: Warning --> include(D:\noSync\Server\php\2023\Dr-systems\Drsystems-APP\application\views\errors\html\error_404.php): Failed to open stream: No such file or directory D:\noSync\Server\php\2023\Dr-systems\Drsystems-APP\system\core\Exceptions.php 184
ERROR - 2023-08-30 03:19:14 --> Severity: Warning --> include(): Failed opening 'D:\noSync\Server\php\2023\Dr-systems\Drsystems-APP\application\views\errors\html\error_404.php' for inclusion (include_path='C:\xampp\php\PEAR') D:\noSync\Server\php\2023\Dr-systems\Drsystems-APP\system\core\Exceptions.php 184
ERROR - 2023-08-30 03:35:23 --> 404 Page Not Found: Dashboard/index
ERROR - 2023-08-30 03:35:23 --> Severity: Warning --> include(D:\noSync\Server\php\2023\Dr-systems\Drsystems-APP\application\views\errors\html\error_404.php): Failed to open stream: No such file or directory D:\noSync\Server\php\2023\Dr-systems\Drsystems-APP\system\core\Exceptions.php 184
ERROR - 2023-08-30 03:35:23 --> Severity: Warning --> include(): Failed opening 'D:\noSync\Server\php\2023\Dr-systems\Drsystems-APP\application\views\errors\html\error_404.php' for inclusion (include_path='C:\xampp\php\PEAR') D:\noSync\Server\php\2023\Dr-systems\Drsystems-APP\system\core\Exceptions.php 184
ERROR - 2023-08-30 03:36:29 --> 404 Page Not Found: /index
ERROR - 2023-08-30 03:36:29 --> Severity: Warning --> include(D:\noSync\Server\php\2023\Dr-systems\Drsystems-APP\application\views\errors\html\error_404.php): Failed to open stream: No such file or directory D:\noSync\Server\php\2023\Dr-systems\Drsystems-APP\system\core\Exceptions.php 184
ERROR - 2023-08-30 03:36:29 --> Severity: Warning --> include(): Failed opening 'D:\noSync\Server\php\2023\Dr-systems\Drsystems-APP\application\views\errors\html\error_404.php' for inclusion (include_path='C:\xampp\php\PEAR') D:\noSync\Server\php\2023\Dr-systems\Drsystems-APP\system\core\Exceptions.php 184
ERROR - 2023-08-30 03:36:32 --> 404 Page Not Found: /index
ERROR - 2023-08-30 03:36:32 --> Severity: Warning --> include(D:\noSync\Server\php\2023\Dr-systems\Drsystems-APP\application\views\errors\html\error_404.php): Failed to open stream: No such file or directory D:\noSync\Server\php\2023\Dr-systems\Drsystems-APP\system\core\Exceptions.php 184
ERROR - 2023-08-30 03:36:32 --> Severity: Warning --> include(): Failed opening 'D:\noSync\Server\php\2023\Dr-systems\Drsystems-APP\application\views\errors\html\error_404.php' for inclusion (include_path='C:\xampp\php\PEAR') D:\noSync\Server\php\2023\Dr-systems\Drsystems-APP\system\core\Exceptions.php 184
ERROR - 2023-08-30 03:37:01 --> 404 Page Not Found: /index
ERROR - 2023-08-30 03:37:01 --> Severity: Warning --> include(D:\noSync\Server\php\2023\Dr-systems\Drsystems-APP\application\views\errors\html\error_404.php): Failed to open stream: No such file or directory D:\noSync\Server\php\2023\Dr-systems\Drsystems-APP\system\core\Exceptions.php 184
ERROR - 2023-08-30 03:37:01 --> Severity: Warning --> include(): Failed opening 'D:\noSync\Server\php\2023\Dr-systems\Drsystems-APP\application\views\errors\html\error_404.php' for inclusion (include_path='C:\xampp\php\PEAR') D:\noSync\Server\php\2023\Dr-systems\Drsystems-APP\system\core\Exceptions.php 184
ERROR - 2023-08-30 03:37:02 --> 404 Page Not Found: /index
ERROR - 2023-08-30 03:37:02 --> Severity: Warning --> include(D:\noSync\Server\php\2023\Dr-systems\Drsystems-APP\application\views\errors\html\error_404.php): Failed to open stream: No such file or directory D:\noSync\Server\php\2023\Dr-systems\Drsystems-APP\system\core\Exceptions.php 184
ERROR - 2023-08-30 03:37:02 --> Severity: Warning --> include(): Failed opening 'D:\noSync\Server\php\2023\Dr-systems\Drsystems-APP\application\views\errors\html\error_404.php' for inclusion (include_path='C:\xampp\php\PEAR') D:\noSync\Server\php\2023\Dr-systems\Drsystems-APP\system\core\Exceptions.php 184
